<?xml version="1.0" encoding="UTF-8"?>
<testsuite name="com.bikroy.test.ValidateFlowForAdPostFunctionality" tests="2" skipped="0" failures="0" errors="0" timestamp="2017-06-24T14:04:44" hostname="Aishwaryas-MacBook-Pro.local" time="45.329">
  <properties/>
  <testcase name="tc_LoginAfterSignUp" classname="com.bikroy.test.ValidateFlowForAdPostFunctionality" time="21.459"/>
  <testcase name="tc_ValidateFlowForAdPostFunctionalityWithLogin" classname="com.bikroy.test.ValidateFlowForAdPostFunctionality" time="21.551"/>
  <system-out><![CDATA[19:34:44,362 INFO  [SeleniumBrowser] ENTER --> (_waitForElement) --> Waiting for element: null
19:34:44,363 INFO  [SeleniumBrowser] ENTER --> (waitForElement)
19:34:44,504 INFO  [SeleniumBrowser] ENTER --> (_getByLocator)
19:34:44,504 INFO  [SeleniumBrowser] (_getByLocator) -> Getting locator for null
19:34:44,504 INFO  [SeleniumBrowser] (_getByLocator) -> Locator info found for XPATH attribute as: //div[@class = 'ui-logo']
19:34:44,505 INFO  [SeleniumBrowser] ENTER --> (_parseElementOnXpath)
19:34:44,505 INFO  [SeleniumBrowser] (_parseElementOnXpath) -> //div[@class = 'ui-logo'] is used
19:34:44,508 INFO  [SeleniumBrowser] EXIT --> (_parseElementOnXpath)
19:34:44,508 INFO  [SeleniumBrowser] EXIT --> (_getByLocator)
19:34:45,794 INFO  [SeleniumBrowser] ENTER --> (_getByLocator)
19:34:45,795 INFO  [SeleniumBrowser] (_getByLocator) -> Getting locator for null
19:34:45,795 INFO  [SeleniumBrowser] (_getByLocator) -> Locator info found for XPATH attribute as: //div[@class = 'ui-logo']
19:34:45,795 INFO  [SeleniumBrowser] ENTER --> (_parseElementOnXpath)
19:34:45,795 INFO  [SeleniumBrowser] (_parseElementOnXpath) -> //div[@class = 'ui-logo'] is used
19:34:45,795 INFO  [SeleniumBrowser] EXIT --> (_parseElementOnXpath)
19:34:45,796 INFO  [SeleniumBrowser] EXIT --> (_getByLocator)
19:34:45,848 INFO  [SeleniumBrowser] (waitForElement) -> element wait eligibility set: true
19:34:45,848 INFO  [SeleniumBrowser] EXIT --> (waitForElement)
19:34:45,848 INFO  [SeleniumBrowser] EXIT --> (_waitForElement)
19:34:45,856 INFO  [SeleniumBrowser] ENTER --> (_getByLocator)
19:34:45,857 INFO  [SeleniumBrowser] (_getByLocator) -> Getting locator for null
19:34:45,857 INFO  [SeleniumBrowser] (_getByLocator) -> Locator info found for XPATH attribute as: //div[@class = 'ui-logo']
19:34:45,857 INFO  [SeleniumBrowser] ENTER --> (_parseElementOnXpath)
19:34:45,858 INFO  [SeleniumBrowser] (_parseElementOnXpath) -> //div[@class = 'ui-logo'] is used
19:34:45,858 INFO  [SeleniumBrowser] EXIT --> (_parseElementOnXpath)
19:34:45,858 INFO  [SeleniumBrowser] EXIT --> (_getByLocator)
19:34:45,880 INFO  [SeleniumBrowser] ENTER --> (initElements)
19:34:45,880 INFO  [SeleniumBrowser] (initElements) -> ID set to field: 
19:34:45,881 INFO  [SeleniumBrowser] (initElements) -> Name set to field: 
19:34:45,881 INFO  [SeleniumBrowser] (initElements) -> CSS set to field: 
19:34:45,881 INFO  [SeleniumBrowser] (initElements) -> XPath set to field: //a[contains(@href, '/users/login')]
19:34:45,881 INFO  [SeleniumBrowser] (initElements) -> ID set to field: 
19:34:45,882 INFO  [SeleniumBrowser] (initElements) -> Name set to field: 
19:34:45,882 INFO  [SeleniumBrowser] (initElements) -> CSS set to field: 
19:34:45,882 INFO  [SeleniumBrowser] (initElements) -> XPath set to field: //a[contains(@href,'/post-ad')]
19:34:45,882 INFO  [SeleniumBrowser] (initElements) -> ID set to field: 
19:34:45,882 INFO  [SeleniumBrowser] (initElements) -> Name set to field: 
19:34:45,883 INFO  [SeleniumBrowser] (initElements) -> CSS set to field: 
19:34:45,883 INFO  [SeleniumBrowser] (initElements) -> XPath set to field: //div[@class = 'ui-logo']
19:34:45,883 INFO  [SeleniumBrowser] EXIT --> (initElements)
19:34:45,883 INFO  [ValidateFlowForAdPostFunctionality] (tc_LoginAfterSignUp) -> Verify Bikroy LOGO Presence After Navigating To APP URL
19:34:45,883 INFO  [SeleniumBrowser] ENTER --> (_waitForElement) --> Waiting for element: null
19:34:45,884 INFO  [SeleniumBrowser] ENTER --> (waitForElement)
19:34:45,891 INFO  [SeleniumBrowser] ENTER --> (_getByLocator)
19:34:45,892 INFO  [SeleniumBrowser] (_getByLocator) -> Getting locator for null
19:34:45,892 INFO  [SeleniumBrowser] (_getByLocator) -> Locator info found for XPATH attribute as: //a[contains(@href, '/users/login')]
19:34:45,892 INFO  [SeleniumBrowser] ENTER --> (_parseElementOnXpath)
19:34:45,892 INFO  [SeleniumBrowser] (_parseElementOnXpath) -> //a[contains(@href, '/users/login')] is used
19:34:45,892 INFO  [SeleniumBrowser] EXIT --> (_parseElementOnXpath)
19:34:45,893 INFO  [SeleniumBrowser] EXIT --> (_getByLocator)
19:34:45,924 INFO  [SeleniumBrowser] ENTER --> (_getByLocator)
19:34:45,924 INFO  [SeleniumBrowser] (_getByLocator) -> Getting locator for null
19:34:45,924 INFO  [SeleniumBrowser] (_getByLocator) -> Locator info found for XPATH attribute as: //a[contains(@href, '/users/login')]
19:34:45,925 INFO  [SeleniumBrowser] ENTER --> (_parseElementOnXpath)
19:34:45,925 INFO  [SeleniumBrowser] (_parseElementOnXpath) -> //a[contains(@href, '/users/login')] is used
19:34:45,925 INFO  [SeleniumBrowser] EXIT --> (_parseElementOnXpath)
19:34:45,926 INFO  [SeleniumBrowser] EXIT --> (_getByLocator)
19:34:45,968 INFO  [SeleniumBrowser] (waitForElement) -> element wait eligibility found: true
19:34:45,969 INFO  [SeleniumBrowser] ENTER --> (_waitForJStoLoad)
19:34:46,013 INFO  [SeleniumBrowser] EXIT --> (_waitForJStoLoad) --> DOM load wait done: true
19:34:46,014 INFO  [SeleniumBrowser] (waitForElement) -> element wait eligibility set: true
19:34:46,014 INFO  [SeleniumBrowser] EXIT --> (waitForElement)
19:34:46,014 INFO  [SeleniumBrowser] EXIT --> (_waitForElement)
19:34:46,021 INFO  [SeleniumBrowser] ENTER --> (_getByLocator)
19:34:46,021 INFO  [SeleniumBrowser] (_getByLocator) -> Getting locator for null
19:34:46,021 INFO  [SeleniumBrowser] (_getByLocator) -> Locator info found for XPATH attribute as: //a[contains(@href, '/users/login')]
19:34:46,022 INFO  [SeleniumBrowser] ENTER --> (_parseElementOnXpath)
19:34:46,022 INFO  [SeleniumBrowser] (_parseElementOnXpath) -> //a[contains(@href, '/users/login')] is used
19:34:46,022 INFO  [SeleniumBrowser] EXIT --> (_parseElementOnXpath)
19:34:46,022 INFO  [SeleniumBrowser] EXIT --> (_getByLocator)
19:34:46,122 INFO  [SeleniumBrowser] ENTER --> (initElements)
19:34:46,122 INFO  [SeleniumBrowser] (initElements) -> ID set to field: 
19:34:46,123 INFO  [SeleniumBrowser] (initElements) -> Name set to field: 
19:34:46,123 INFO  [SeleniumBrowser] (initElements) -> CSS set to field: 
19:34:46,123 INFO  [SeleniumBrowser] (initElements) -> XPath set to field: //input[@id='account']
19:34:46,123 INFO  [SeleniumBrowser] (initElements) -> ID set to field: 
19:34:46,124 INFO  [SeleniumBrowser] (initElements) -> Name set to field: 
19:34:46,124 INFO  [SeleniumBrowser] (initElements) -> CSS set to field: 
19:34:46,124 INFO  [SeleniumBrowser] (initElements) -> XPath set to field: //input[@id='password']
19:34:46,124 INFO  [SeleniumBrowser] (initElements) -> ID set to field: 
19:34:46,125 INFO  [SeleniumBrowser] (initElements) -> Name set to field: 
19:34:46,125 INFO  [SeleniumBrowser] (initElements) -> CSS set to field: 
19:34:46,125 INFO  [SeleniumBrowser] (initElements) -> XPath set to field: //button[contains(@class,'ui-btn is-secondary has-busy is-auto is-island')]
19:34:46,126 INFO  [SeleniumBrowser] (initElements) -> ID set to field: 
19:34:46,126 INFO  [SeleniumBrowser] (initElements) -> Name set to field: 
19:34:46,126 INFO  [SeleniumBrowser] (initElements) -> CSS set to field: 
19:34:46,127 INFO  [SeleniumBrowser] (initElements) -> XPath set to field: //a[contains(@href,'/users/logout')]
19:34:46,127 INFO  [SeleniumBrowser] (initElements) -> ID set to field: 
19:34:46,128 INFO  [SeleniumBrowser] (initElements) -> Name set to field: 
19:34:46,128 INFO  [SeleniumBrowser] (initElements) -> CSS set to field: 
19:34:46,128 INFO  [SeleniumBrowser] (initElements) -> XPath set to field: //a[contains(@href,'/users/login')]
19:34:46,129 INFO  [SeleniumBrowser] (initElements) -> ID set to field: 
19:34:46,129 INFO  [SeleniumBrowser] (initElements) -> Name set to field: 
19:34:46,129 INFO  [SeleniumBrowser] (initElements) -> CSS set to field: 
19:34:46,130 INFO  [SeleniumBrowser] (initElements) -> XPath set to field: //a[contains(@href,'/bn/users/login-options')]
19:34:46,130 INFO  [SeleniumBrowser] (initElements) -> ID set to field: 
19:34:46,130 INFO  [SeleniumBrowser] (initElements) -> Name set to field: 
19:34:46,130 INFO  [SeleniumBrowser] (initElements) -> CSS set to field: 
19:34:46,131 INFO  [SeleniumBrowser] (initElements) -> XPath set to field: //a[contains(@class,'ui-btn is-secondary is-island')]
19:34:46,131 INFO  [SeleniumBrowser] EXIT --> (initElements)
19:34:46,131 INFO  [ValidateFlowForAdPostFunctionality] (tc_LoginAfterSignUp) -> Click Login Link On The Home Page
19:34:46,131 INFO  [SeleniumBrowser] ENTER --> (_waitForElement) --> Waiting for element: null
19:34:46,131 INFO  [SeleniumBrowser] ENTER --> (waitForElement)
19:34:47,977 INFO  [SeleniumBrowser] ENTER --> (_getByLocator)
19:34:47,978 INFO  [SeleniumBrowser] (_getByLocator) -> Getting locator for null
19:34:47,978 INFO  [SeleniumBrowser] (_getByLocator) -> Locator info found for XPATH attribute as: //a[contains(@href,'/users/login')]
19:34:47,978 INFO  [SeleniumBrowser] ENTER --> (_parseElementOnXpath)
19:34:47,978 INFO  [SeleniumBrowser] (_parseElementOnXpath) -> //a[contains(@href,'/users/login')] is used
19:34:47,979 INFO  [SeleniumBrowser] EXIT --> (_parseElementOnXpath)
19:34:47,979 INFO  [SeleniumBrowser] EXIT --> (_getByLocator)
19:34:47,999 INFO  [SeleniumBrowser] ENTER --> (_getByLocator)
19:34:48,000 INFO  [SeleniumBrowser] (_getByLocator) -> Getting locator for null
19:34:48,000 INFO  [SeleniumBrowser] (_getByLocator) -> Locator info found for XPATH attribute as: //a[contains(@href,'/users/login')]
19:34:48,000 INFO  [SeleniumBrowser] ENTER --> (_parseElementOnXpath)
19:34:48,000 INFO  [SeleniumBrowser] (_parseElementOnXpath) -> //a[contains(@href,'/users/login')] is used
19:34:48,000 INFO  [SeleniumBrowser] EXIT --> (_parseElementOnXpath)
19:34:48,000 INFO  [SeleniumBrowser] EXIT --> (_getByLocator)
19:34:48,035 INFO  [SeleniumBrowser] (waitForElement) -> element wait eligibility found: true
19:34:48,036 INFO  [SeleniumBrowser] ENTER --> (_waitForJStoLoad)
19:34:48,071 INFO  [SeleniumBrowser] EXIT --> (_waitForJStoLoad) --> DOM load wait done: true
19:34:48,071 INFO  [SeleniumBrowser] (waitForElement) -> element wait eligibility set: true
19:34:48,072 INFO  [SeleniumBrowser] EXIT --> (waitForElement)
19:34:48,072 INFO  [SeleniumBrowser] EXIT --> (_waitForElement)
19:34:48,078 INFO  [SeleniumBrowser] ENTER --> (_getByLocator)
19:34:48,078 INFO  [SeleniumBrowser] (_getByLocator) -> Getting locator for null
19:34:48,078 INFO  [SeleniumBrowser] (_getByLocator) -> Locator info found for XPATH attribute as: //a[contains(@href,'/users/login')]
19:34:48,079 INFO  [SeleniumBrowser] ENTER --> (_parseElementOnXpath)
19:34:48,079 INFO  [SeleniumBrowser] (_parseElementOnXpath) -> //a[contains(@href,'/users/login')] is used
19:34:48,079 INFO  [SeleniumBrowser] EXIT --> (_parseElementOnXpath)
19:34:48,079 INFO  [SeleniumBrowser] EXIT --> (_getByLocator)
19:34:48,096 INFO  [SeleniumBrowser] ENTER --> (_waitForElement) --> Waiting for element: null
19:34:48,097 INFO  [SeleniumBrowser] ENTER --> (waitForElement)
19:34:48,102 INFO  [SeleniumBrowser] ENTER --> (_getByLocator)
19:34:48,103 INFO  [SeleniumBrowser] (_getByLocator) -> Getting locator for null
19:34:48,103 INFO  [SeleniumBrowser] (_getByLocator) -> Locator info found for XPATH attribute as: //button[contains(@class,'ui-btn is-secondary has-busy is-auto is-island')]
19:34:48,103 INFO  [SeleniumBrowser] ENTER --> (_parseElementOnXpath)
19:34:48,103 INFO  [SeleniumBrowser] (_parseElementOnXpath) -> //button[contains(@class,'ui-btn is-secondary has-busy is-auto is-island')] is used
19:34:48,103 INFO  [SeleniumBrowser] EXIT --> (_parseElementOnXpath)
19:34:48,104 INFO  [SeleniumBrowser] EXIT --> (_getByLocator)
19:34:48,122 INFO  [SeleniumBrowser] ENTER --> (_getByLocator)
19:34:48,122 INFO  [SeleniumBrowser] (_getByLocator) -> Getting locator for null
19:34:48,122 INFO  [SeleniumBrowser] (_getByLocator) -> Locator info found for XPATH attribute as: //button[contains(@class,'ui-btn is-secondary has-busy is-auto is-island')]
19:34:48,122 INFO  [SeleniumBrowser] ENTER --> (_parseElementOnXpath)
19:34:48,123 INFO  [SeleniumBrowser] (_parseElementOnXpath) -> //button[contains(@class,'ui-btn is-secondary has-busy is-auto is-island')] is used
19:34:48,123 INFO  [SeleniumBrowser] EXIT --> (_parseElementOnXpath)
19:34:48,123 INFO  [SeleniumBrowser] EXIT --> (_getByLocator)
19:34:48,157 INFO  [SeleniumBrowser] (waitForElement) -> element wait eligibility found: true
19:34:48,158 INFO  [SeleniumBrowser] ENTER --> (_waitForJStoLoad)
19:34:48,189 INFO  [SeleniumBrowser] EXIT --> (_waitForJStoLoad) --> DOM load wait done: true
19:34:48,189 INFO  [SeleniumBrowser] (waitForElement) -> element wait eligibility set: true
19:34:48,190 INFO  [SeleniumBrowser] EXIT --> (waitForElement)
19:34:48,190 INFO  [SeleniumBrowser] EXIT --> (_waitForElement)
19:34:48,191 INFO  [SeleniumBrowser] ENTER --> (initElements)
19:34:48,191 INFO  [SeleniumBrowser] (initElements) -> ID set to field: 
19:34:48,191 INFO  [SeleniumBrowser] (initElements) -> Name set to field: 
19:34:48,192 INFO  [SeleniumBrowser] (initElements) -> CSS set to field: 
19:34:48,192 INFO  [SeleniumBrowser] (initElements) -> XPath set to field: //input[@id='account']
19:34:48,192 INFO  [SeleniumBrowser] (initElements) -> ID set to field: 
19:34:48,192 INFO  [SeleniumBrowser] (initElements) -> Name set to field: 
19:34:48,193 INFO  [SeleniumBrowser] (initElements) -> CSS set to field: 
19:34:48,193 INFO  [SeleniumBrowser] (initElements) -> XPath set to field: //input[@id='password']
19:34:48,193 INFO  [SeleniumBrowser] (initElements) -> ID set to field: 
19:34:48,193 INFO  [SeleniumBrowser] (initElements) -> Name set to field: 
19:34:48,194 INFO  [SeleniumBrowser] (initElements) -> CSS set to field: 
19:34:48,194 INFO  [SeleniumBrowser] (initElements) -> XPath set to field: //button[contains(@class,'ui-btn is-secondary has-busy is-auto is-island')]
19:34:48,194 INFO  [SeleniumBrowser] (initElements) -> ID set to field: 
19:34:48,194 INFO  [SeleniumBrowser] (initElements) -> Name set to field: 
19:34:48,195 INFO  [SeleniumBrowser] (initElements) -> CSS set to field: 
19:34:48,195 INFO  [SeleniumBrowser] (initElements) -> XPath set to field: //a[contains(@href,'/users/logout')]
19:34:48,195 INFO  [SeleniumBrowser] (initElements) -> ID set to field: 
19:34:48,195 INFO  [SeleniumBrowser] (initElements) -> Name set to field: 
19:34:48,196 INFO  [SeleniumBrowser] (initElements) -> CSS set to field: 
19:34:48,196 INFO  [SeleniumBrowser] (initElements) -> XPath set to field: //a[contains(@href,'/users/login')]
19:34:48,196 INFO  [SeleniumBrowser] (initElements) -> ID set to field: 
19:34:48,196 INFO  [SeleniumBrowser] (initElements) -> Name set to field: 
19:34:48,196 INFO  [SeleniumBrowser] (initElements) -> CSS set to field: 
19:34:48,197 INFO  [SeleniumBrowser] (initElements) -> XPath set to field: //a[contains(@href,'/bn/users/login-options')]
19:34:48,197 INFO  [SeleniumBrowser] (initElements) -> ID set to field: 
19:34:48,197 INFO  [SeleniumBrowser] (initElements) -> Name set to field: 
19:34:48,197 INFO  [SeleniumBrowser] (initElements) -> CSS set to field: 
19:34:48,198 INFO  [SeleniumBrowser] (initElements) -> XPath set to field: //a[contains(@class,'ui-btn is-secondary is-island')]
19:34:48,198 INFO  [SeleniumBrowser] EXIT --> (initElements)
19:34:48,198 INFO  [ValidateFlowForAdPostFunctionality] (tc_LoginAfterSignUp) -> Verify Presence Of Login UI Components
19:34:48,198 INFO  [SeleniumBrowser] ENTER --> (_waitForElement) --> Waiting for element: null
19:34:48,199 INFO  [SeleniumBrowser] ENTER --> (waitForElement)
19:34:48,206 INFO  [SeleniumBrowser] ENTER --> (_getByLocator)
19:34:48,206 INFO  [SeleniumBrowser] (_getByLocator) -> Getting locator for null
19:34:48,206 INFO  [SeleniumBrowser] (_getByLocator) -> Locator info found for XPATH attribute as: //a[contains(@href,'/bn/users/login-options')]
19:34:48,206 INFO  [SeleniumBrowser] ENTER --> (_parseElementOnXpath)
19:34:48,206 INFO  [SeleniumBrowser] (_parseElementOnXpath) -> //a[contains(@href,'/bn/users/login-options')] is used
19:34:48,207 INFO  [SeleniumBrowser] EXIT --> (_parseElementOnXpath)
19:34:48,207 INFO  [SeleniumBrowser] EXIT --> (_getByLocator)
19:34:48,224 INFO  [SeleniumBrowser] ENTER --> (_getByLocator)
19:34:48,224 INFO  [SeleniumBrowser] (_getByLocator) -> Getting locator for null
19:34:48,224 INFO  [SeleniumBrowser] (_getByLocator) -> Locator info found for XPATH attribute as: //a[contains(@href,'/bn/users/login-options')]
19:34:48,224 INFO  [SeleniumBrowser] ENTER --> (_parseElementOnXpath)
19:34:48,225 INFO  [SeleniumBrowser] (_parseElementOnXpath) -> //a[contains(@href,'/bn/users/login-options')] is used
19:34:48,225 INFO  [SeleniumBrowser] EXIT --> (_parseElementOnXpath)
19:34:48,225 INFO  [SeleniumBrowser] EXIT --> (_getByLocator)
19:34:48,262 INFO  [SeleniumBrowser] (waitForElement) -> element wait eligibility found: true
19:34:48,263 INFO  [SeleniumBrowser] ENTER --> (_waitForJStoLoad)
19:34:48,292 INFO  [SeleniumBrowser] EXIT --> (_waitForJStoLoad) --> DOM load wait done: true
19:34:48,292 INFO  [SeleniumBrowser] (waitForElement) -> element wait eligibility set: true
19:34:48,293 INFO  [SeleniumBrowser] EXIT --> (waitForElement)
19:34:48,293 INFO  [SeleniumBrowser] EXIT --> (_waitForElement)
19:34:48,300 INFO  [SeleniumBrowser] ENTER --> (_getByLocator)
19:34:48,301 INFO  [SeleniumBrowser] (_getByLocator) -> Getting locator for null
19:34:48,301 INFO  [SeleniumBrowser] (_getByLocator) -> Locator info found for XPATH attribute as: //a[contains(@href,'/bn/users/login-options')]
19:34:48,301 INFO  [SeleniumBrowser] ENTER --> (_parseElementOnXpath)
19:34:48,301 INFO  [SeleniumBrowser] (_parseElementOnXpath) -> //a[contains(@href,'/bn/users/login-options')] is used
19:34:48,302 INFO  [SeleniumBrowser] EXIT --> (_parseElementOnXpath)
19:34:48,302 INFO  [SeleniumBrowser] EXIT --> (_getByLocator)
19:34:49,070 INFO  [SeleniumBrowser] ENTER --> (_waitForElement) --> Waiting for element: null
19:34:49,070 INFO  [SeleniumBrowser] ENTER --> (waitForElement)
19:34:49,692 INFO  [SeleniumBrowser] ENTER --> (_getByLocator)
19:34:49,692 INFO  [SeleniumBrowser] (_getByLocator) -> Getting locator for null
19:34:49,693 INFO  [SeleniumBrowser] (_getByLocator) -> Locator info found for XPATH attribute as: //a[contains(@class,'ui-btn is-secondary is-island')]
19:34:49,693 INFO  [SeleniumBrowser] ENTER --> (_parseElementOnXpath)
19:34:49,693 INFO  [SeleniumBrowser] (_parseElementOnXpath) -> //a[contains(@class,'ui-btn is-secondary is-island')] is used
19:34:49,693 INFO  [SeleniumBrowser] EXIT --> (_parseElementOnXpath)
19:34:49,693 INFO  [SeleniumBrowser] EXIT --> (_getByLocator)
19:34:49,720 INFO  [SeleniumBrowser] ENTER --> (_getByLocator)
19:34:49,721 INFO  [SeleniumBrowser] (_getByLocator) -> Getting locator for null
19:34:49,721 INFO  [SeleniumBrowser] (_getByLocator) -> Locator info found for XPATH attribute as: //a[contains(@class,'ui-btn is-secondary is-island')]
19:34:49,721 INFO  [SeleniumBrowser] ENTER --> (_parseElementOnXpath)
19:34:49,721 INFO  [SeleniumBrowser] (_parseElementOnXpath) -> //a[contains(@class,'ui-btn is-secondary is-island')] is used
19:34:49,721 INFO  [SeleniumBrowser] EXIT --> (_parseElementOnXpath)
19:34:49,721 INFO  [SeleniumBrowser] EXIT --> (_getByLocator)
19:34:49,759 INFO  [SeleniumBrowser] (waitForElement) -> element wait eligibility found: true
19:34:49,759 INFO  [SeleniumBrowser] ENTER --> (_waitForJStoLoad)
19:34:49,786 INFO  [SeleniumBrowser] EXIT --> (_waitForJStoLoad) --> DOM load wait done: true
19:34:49,787 INFO  [SeleniumBrowser] (waitForElement) -> element wait eligibility set: true
19:34:49,787 INFO  [SeleniumBrowser] EXIT --> (waitForElement)
19:34:49,787 INFO  [SeleniumBrowser] EXIT --> (_waitForElement)
19:34:49,792 INFO  [SeleniumBrowser] ENTER --> (_getByLocator)
19:34:49,793 INFO  [SeleniumBrowser] (_getByLocator) -> Getting locator for null
19:34:49,793 INFO  [SeleniumBrowser] (_getByLocator) -> Locator info found for XPATH attribute as: //a[contains(@class,'ui-btn is-secondary is-island')]
19:34:49,793 INFO  [SeleniumBrowser] ENTER --> (_parseElementOnXpath)
19:34:49,793 INFO  [SeleniumBrowser] (_parseElementOnXpath) -> //a[contains(@class,'ui-btn is-secondary is-island')] is used
19:34:49,793 INFO  [SeleniumBrowser] EXIT --> (_parseElementOnXpath)
19:34:49,794 INFO  [SeleniumBrowser] EXIT --> (_getByLocator)
19:34:50,649 INFO  [SeleniumBrowser] ENTER --> (initElements)
19:34:50,649 INFO  [SeleniumBrowser] (initElements) -> ID set to field: 
19:34:50,650 INFO  [SeleniumBrowser] (initElements) -> Name set to field: 
19:34:50,650 INFO  [SeleniumBrowser] (initElements) -> CSS set to field: 
19:34:50,650 INFO  [SeleniumBrowser] (initElements) -> XPath set to field: //a[contains(@href,'/users/login')]
19:34:50,650 INFO  [SeleniumBrowser] (initElements) -> ID set to field: 
19:34:50,651 INFO  [SeleniumBrowser] (initElements) -> Name set to field: 
19:34:50,651 INFO  [SeleniumBrowser] (initElements) -> CSS set to field: 
19:34:50,651 INFO  [SeleniumBrowser] (initElements) -> XPath set to field: //a[contains(@href,'/users/signup')]
19:34:50,651 INFO  [SeleniumBrowser] (initElements) -> ID set to field: name
19:34:50,651 INFO  [SeleniumBrowser] (initElements) -> Name set to field: 
19:34:50,652 INFO  [SeleniumBrowser] (initElements) -> CSS set to field: 
19:34:50,652 INFO  [SeleniumBrowser] (initElements) -> XPath set to field: 
19:34:50,652 INFO  [SeleniumBrowser] (initElements) -> ID set to field: email
19:34:50,652 INFO  [SeleniumBrowser] (initElements) -> Name set to field: 
19:34:50,652 INFO  [SeleniumBrowser] (initElements) -> CSS set to field: 
19:34:50,653 INFO  [SeleniumBrowser] (initElements) -> XPath set to field: 
19:34:50,653 INFO  [SeleniumBrowser] (initElements) -> ID set to field: password
19:34:50,653 INFO  [SeleniumBrowser] (initElements) -> Name set to field: 
19:34:50,653 INFO  [SeleniumBrowser] (initElements) -> CSS set to field: 
19:34:50,653 INFO  [SeleniumBrowser] (initElements) -> XPath set to field: 
19:34:50,654 INFO  [SeleniumBrowser] (initElements) -> ID set to field: password-confirm
19:34:50,654 INFO  [SeleniumBrowser] (initElements) -> Name set to field: 
19:34:50,654 INFO  [SeleniumBrowser] (initElements) -> CSS set to field: 
19:34:50,654 INFO  [SeleniumBrowser] (initElements) -> XPath set to field: 
19:34:50,654 INFO  [SeleniumBrowser] (initElements) -> ID set to field: 
19:34:50,654 INFO  [SeleniumBrowser] (initElements) -> Name set to field: 
19:34:50,655 INFO  [SeleniumBrowser] (initElements) -> CSS set to field: 
19:34:50,655 INFO  [SeleniumBrowser] (initElements) -> XPath set to field: //button[contains(@class,'ui-btn is-secondary has-busy is-auto is-island')]
19:34:50,655 INFO  [SeleniumBrowser] (initElements) -> ID set to field: 
19:34:50,655 INFO  [SeleniumBrowser] (initElements) -> Name set to field: 
19:34:50,656 INFO  [SeleniumBrowser] (initElements) -> CSS set to field: 
19:34:50,656 INFO  [SeleniumBrowser] (initElements) -> XPath set to field: //a[contains(@class,'ui-btn is-secondary is-island')]
19:34:50,656 INFO  [SeleniumBrowser] EXIT --> (initElements)
19:34:50,657 INFO  [ValidateFlowForAdPostFunctionality] (tc_LoginAfterSignUp) -> Click On Available SignUp Link
19:34:50,681 INFO  [DomParser] (<init>) -> Root element :testdata
19:34:50,682 INFO  [DomParser] ENTER --> (getTestDataSetNodesWithValues)
19:34:50,683 INFO  [DomParser] (getNodes) -> Nodes found with testdataset = 1
19:34:50,683 INFO  [DomParser] (getTestDataSetNodesList) -> Checking node [testdataset] at index 0
19:34:50,684 INFO  [DomParser] (getTestDataSetNodesList) -> production|bikroy -- signUpWithRandomUser -- suwru_1.0
19:34:50,684 INFO  [DomParser] (getTestDataSetNodesWithValues) -> 9
19:34:50,685 INFO  [DomParser] (getTestDataSetNodesWithValues) -> text node found; skipping this node
19:34:50,686 INFO  [DomParser] (getTestDataSetNodesWithValues) -> userName <<---->>  testUser{RANDOM} <<---->> 1
19:34:50,686 INFO  [DomParser] (getTestDataSetNodesWithValues) -> text node found; skipping this node
19:34:50,686 INFO  [DomParser] (getTestDataSetNodesWithValues) -> emailId <<---->>  {RANDOMNUM}qaEmail@bikroy.com <<---->> 1
19:34:50,687 INFO  [DomParser] (getTestDataSetNodesWithValues) -> text node found; skipping this node
19:34:50,687 INFO  [DomParser] (getTestDataSetNodesWithValues) -> password <<---->>  3551194 <<---->> 1
19:34:50,687 INFO  [DomParser] (getTestDataSetNodesWithValues) -> text node found; skipping this node
19:34:50,688 INFO  [DomParser] (getTestDataSetNodesWithValues) -> diffPassword <<---->>  3551194{RANDOMNUM} <<---->> 1
19:34:50,688 INFO  [DomParser] (getTestDataSetNodesWithValues) -> text node found; skipping this node
19:34:50,689 INFO  [DomParser] EXIT --> (getTestDataSetNodesWithValues)
19:34:50,690 INFO  [DomParser] (<init>) -> Root element :testdata
19:34:50,692 INFO  [DomParser] ENTER --> (getTestDataSetNodesWithValues)
19:34:50,693 INFO  [DomParser] (getNodes) -> Nodes found with testdataset = 1
19:34:50,696 INFO  [DomParser] (getTestDataSetNodesList) -> Checking node [testdataset] at index 0
19:34:50,697 INFO  [DomParser] (getTestDataSetNodesList) -> production|bikroy -- signUpWithRandomUser -- suwru_1.0
19:34:50,697 INFO  [DomParser] (getTestDataSetNodesWithValues) -> 9
19:34:50,697 INFO  [DomParser] (getTestDataSetNodesWithValues) -> text node found; skipping this node
19:34:50,698 INFO  [DomParser] (getTestDataSetNodesWithValues) -> userName <<---->>  testUser{RANDOM} <<---->> 1
19:34:50,698 INFO  [DomParser] (getTestDataSetNodesWithValues) -> text node found; skipping this node
19:34:50,698 INFO  [DomParser] (getTestDataSetNodesWithValues) -> emailId <<---->>  {RANDOMNUM}qaEmail@bikroy.com <<---->> 1
19:34:50,698 INFO  [DomParser] (getTestDataSetNodesWithValues) -> text node found; skipping this node
19:34:50,699 INFO  [DomParser] (getTestDataSetNodesWithValues) -> password <<---->>  3551194 <<---->> 1
19:34:50,699 INFO  [DomParser] (getTestDataSetNodesWithValues) -> text node found; skipping this node
19:34:50,699 INFO  [DomParser] (getTestDataSetNodesWithValues) -> diffPassword <<---->>  3551194{RANDOMNUM} <<---->> 1
19:34:50,700 INFO  [DomParser] (getTestDataSetNodesWithValues) -> text node found; skipping this node
19:34:50,700 INFO  [DomParser] EXIT --> (getTestDataSetNodesWithValues)
19:34:50,702 INFO  [DomParser] (<init>) -> Root element :testdata
19:34:50,703 INFO  [DomParser] ENTER --> (getTestDataSetNodesWithValues)
19:34:50,703 INFO  [DomParser] (getNodes) -> Nodes found with testdataset = 1
19:34:50,703 INFO  [DomParser] (getTestDataSetNodesList) -> Checking node [testdataset] at index 0
19:34:50,704 INFO  [DomParser] (getTestDataSetNodesList) -> production|bikroy -- signUpWithRandomUser -- suwru_1.0
19:34:50,704 INFO  [DomParser] (getTestDataSetNodesWithValues) -> 9
19:34:50,704 INFO  [DomParser] (getTestDataSetNodesWithValues) -> text node found; skipping this node
19:34:50,704 INFO  [DomParser] (getTestDataSetNodesWithValues) -> userName <<---->>  testUser{RANDOM} <<---->> 1
19:34:50,705 INFO  [DomParser] (getTestDataSetNodesWithValues) -> text node found; skipping this node
19:34:50,705 INFO  [DomParser] (getTestDataSetNodesWithValues) -> emailId <<---->>  {RANDOMNUM}qaEmail@bikroy.com <<---->> 1
19:34:50,705 INFO  [DomParser] (getTestDataSetNodesWithValues) -> text node found; skipping this node
19:34:50,705 INFO  [DomParser] (getTestDataSetNodesWithValues) -> password <<---->>  3551194 <<---->> 1
19:34:50,706 INFO  [DomParser] (getTestDataSetNodesWithValues) -> text node found; skipping this node
19:34:50,706 INFO  [DomParser] (getTestDataSetNodesWithValues) -> diffPassword <<---->>  3551194{RANDOMNUM} <<---->> 1
19:34:50,707 INFO  [DomParser] (getTestDataSetNodesWithValues) -> text node found; skipping this node
19:34:50,707 INFO  [DomParser] EXIT --> (getTestDataSetNodesWithValues)
19:34:50,709 INFO  [DomParser] (<init>) -> Root element :testdata
19:34:50,709 INFO  [DomParser] ENTER --> (getTestDataSetNodesWithValues)
19:34:50,710 INFO  [DomParser] (getNodes) -> Nodes found with testdataset = 1
19:34:50,710 INFO  [DomParser] (getTestDataSetNodesList) -> Checking node [testdataset] at index 0
19:34:50,711 INFO  [DomParser] (getTestDataSetNodesList) -> production|bikroy -- signUpWithRandomUser -- suwru_1.0
19:34:50,711 INFO  [DomParser] (getTestDataSetNodesWithValues) -> 9
19:34:50,711 INFO  [DomParser] (getTestDataSetNodesWithValues) -> text node found; skipping this node
19:34:50,712 INFO  [DomParser] (getTestDataSetNodesWithValues) -> userName <<---->>  testUser{RANDOM} <<---->> 1
19:34:50,712 INFO  [DomParser] (getTestDataSetNodesWithValues) -> text node found; skipping this node
19:34:50,712 INFO  [DomParser] (getTestDataSetNodesWithValues) -> emailId <<---->>  {RANDOMNUM}qaEmail@bikroy.com <<---->> 1
19:34:50,713 INFO  [DomParser] (getTestDataSetNodesWithValues) -> text node found; skipping this node
19:34:50,713 INFO  [DomParser] (getTestDataSetNodesWithValues) -> password <<---->>  3551194 <<---->> 1
19:34:50,713 INFO  [DomParser] (getTestDataSetNodesWithValues) -> text node found; skipping this node
19:34:50,713 INFO  [DomParser] (getTestDataSetNodesWithValues) -> diffPassword <<---->>  3551194{RANDOMNUM} <<---->> 1
19:34:50,714 INFO  [DomParser] (getTestDataSetNodesWithValues) -> text node found; skipping this node
19:34:50,714 INFO  [DomParser] EXIT --> (getTestDataSetNodesWithValues)
19:34:50,715 INFO  [SeleniumBrowser] ENTER --> (_waitForElement) --> Waiting for element: null
19:34:50,715 INFO  [SeleniumBrowser] ENTER --> (waitForElement)
19:34:50,961 INFO  [SeleniumBrowser] ENTER --> (_getByLocator)
19:34:50,961 INFO  [SeleniumBrowser] (_getByLocator) -> Getting locator for null
19:34:50,961 INFO  [SeleniumBrowser] (_getByLocator) -> Locator info found for ID attribute as: name
19:34:50,961 INFO  [SeleniumBrowser] EXIT --> (_getByLocator)
19:34:50,980 INFO  [SeleniumBrowser] ENTER --> (_getByLocator)
19:34:50,980 INFO  [SeleniumBrowser] (_getByLocator) -> Getting locator for null
19:34:50,981 INFO  [SeleniumBrowser] (_getByLocator) -> Locator info found for ID attribute as: name
19:34:50,981 INFO  [SeleniumBrowser] EXIT --> (_getByLocator)
19:34:51,034 INFO  [SeleniumBrowser] (waitForElement) -> element wait eligibility found: true
19:34:51,035 INFO  [SeleniumBrowser] ENTER --> (_waitForJStoLoad)
19:34:51,070 INFO  [SeleniumBrowser] EXIT --> (_waitForJStoLoad) --> DOM load wait done: true
19:34:51,070 INFO  [SeleniumBrowser] (waitForElement) -> element wait eligibility set: true
19:34:51,070 INFO  [SeleniumBrowser] EXIT --> (waitForElement)
19:34:51,070 INFO  [SeleniumBrowser] EXIT --> (_waitForElement)
19:34:51,071 INFO  [SeleniumBrowser] ENTER --> (_waitForElement) --> Waiting for element: null
19:34:51,071 INFO  [SeleniumBrowser] ENTER --> (waitForElement)
19:34:51,077 INFO  [SeleniumBrowser] ENTER --> (_getByLocator)
19:34:51,077 INFO  [SeleniumBrowser] (_getByLocator) -> Getting locator for null
19:34:51,078 INFO  [SeleniumBrowser] (_getByLocator) -> Locator info found for ID attribute as: name
19:34:51,078 INFO  [SeleniumBrowser] EXIT --> (_getByLocator)
19:34:51,102 INFO  [SeleniumBrowser] ENTER --> (_getByLocator)
19:34:51,102 INFO  [SeleniumBrowser] (_getByLocator) -> Getting locator for null
19:34:51,102 INFO  [SeleniumBrowser] (_getByLocator) -> Locator info found for ID attribute as: name
19:34:51,103 INFO  [SeleniumBrowser] EXIT --> (_getByLocator)
19:34:51,147 INFO  [SeleniumBrowser] (waitForElement) -> element wait eligibility found: true
19:34:51,147 INFO  [SeleniumBrowser] ENTER --> (_waitForJStoLoad)
19:34:51,181 INFO  [SeleniumBrowser] EXIT --> (_waitForJStoLoad) --> DOM load wait done: true
19:34:51,181 INFO  [SeleniumBrowser] (waitForElement) -> element wait eligibility set: true
19:34:51,181 INFO  [SeleniumBrowser] EXIT --> (waitForElement)
19:34:51,182 INFO  [SeleniumBrowser] EXIT --> (_waitForElement)
19:34:51,182 INFO  [SeleniumBrowser] ENTER --> (_waitForElement) --> Waiting for element: null
19:34:51,182 INFO  [SeleniumBrowser] ENTER --> (waitForElement)
19:34:51,188 INFO  [SeleniumBrowser] ENTER --> (_getByLocator)
19:34:51,188 INFO  [SeleniumBrowser] (_getByLocator) -> Getting locator for null
19:34:51,189 INFO  [SeleniumBrowser] (_getByLocator) -> Locator info found for ID attribute as: name
19:34:51,189 INFO  [SeleniumBrowser] EXIT --> (_getByLocator)
19:34:51,207 INFO  [SeleniumBrowser] ENTER --> (_getByLocator)
19:34:51,208 INFO  [SeleniumBrowser] (_getByLocator) -> Getting locator for null
19:34:51,208 INFO  [SeleniumBrowser] (_getByLocator) -> Locator info found for ID attribute as: name
19:34:51,208 INFO  [SeleniumBrowser] EXIT --> (_getByLocator)
19:34:51,257 INFO  [SeleniumBrowser] (waitForElement) -> element wait eligibility found: true
19:34:51,258 INFO  [SeleniumBrowser] ENTER --> (_waitForJStoLoad)
19:34:51,304 INFO  [SeleniumBrowser] EXIT --> (_waitForJStoLoad) --> DOM load wait done: true
19:34:51,305 INFO  [SeleniumBrowser] (waitForElement) -> element wait eligibility set: true
19:34:51,305 INFO  [SeleniumBrowser] EXIT --> (waitForElement)
19:34:51,305 INFO  [SeleniumBrowser] EXIT --> (_waitForElement)
19:34:51,309 INFO  [SeleniumBrowser] ENTER --> (_waitForElement) --> Waiting for element: null
19:34:51,309 INFO  [SeleniumBrowser] ENTER --> (waitForElement)
19:34:51,316 INFO  [SeleniumBrowser] ENTER --> (_getByLocator)
19:34:51,316 INFO  [SeleniumBrowser] (_getByLocator) -> Getting locator for null
19:34:51,316 INFO  [SeleniumBrowser] (_getByLocator) -> Locator info found for ID attribute as: name
19:34:51,316 INFO  [SeleniumBrowser] EXIT --> (_getByLocator)
19:34:51,334 INFO  [SeleniumBrowser] ENTER --> (_getByLocator)
19:34:51,335 INFO  [SeleniumBrowser] (_getByLocator) -> Getting locator for null
19:34:51,335 INFO  [SeleniumBrowser] (_getByLocator) -> Locator info found for ID attribute as: name
19:34:51,335 INFO  [SeleniumBrowser] EXIT --> (_getByLocator)
19:34:51,383 INFO  [SeleniumBrowser] (waitForElement) -> element wait eligibility found: true
19:34:51,383 INFO  [SeleniumBrowser] ENTER --> (_waitForJStoLoad)
19:34:51,462 INFO  [SeleniumBrowser] EXIT --> (_waitForJStoLoad) --> DOM load wait done: true
19:34:51,462 INFO  [SeleniumBrowser] (waitForElement) -> element wait eligibility set: true
19:34:51,462 INFO  [SeleniumBrowser] EXIT --> (waitForElement)
19:34:51,463 INFO  [SeleniumBrowser] EXIT --> (_waitForElement)
19:34:51,475 INFO  [SeleniumBrowser] ENTER --> (_getByLocator)
19:34:51,475 INFO  [SeleniumBrowser] (_getByLocator) -> Getting locator for null
19:34:51,475 INFO  [SeleniumBrowser] (_getByLocator) -> Locator info found for ID attribute as: name
19:34:51,475 INFO  [SeleniumBrowser] EXIT --> (_getByLocator)
19:34:51,530 INFO  [SeleniumBrowser] ENTER --> (_getByLocator)
19:34:51,530 INFO  [SeleniumBrowser] (_getByLocator) -> Getting locator for null
19:34:51,530 INFO  [SeleniumBrowser] (_getByLocator) -> Locator info found for ID attribute as: name
19:34:51,531 INFO  [SeleniumBrowser] EXIT --> (_getByLocator)
19:34:51,697 INFO  [SeleniumBrowser] ENTER --> (_getByLocator)
19:34:51,697 INFO  [SeleniumBrowser] (_getByLocator) -> Getting locator for null
19:34:51,698 INFO  [SeleniumBrowser] (_getByLocator) -> Locator info found for ID attribute as: name
19:34:51,698 INFO  [SeleniumBrowser] EXIT --> (_getByLocator)
19:34:51,760 INFO  [SeleniumBrowser] ENTER --> (_waitForElement) --> Waiting for element: null
19:34:51,760 INFO  [SeleniumBrowser] ENTER --> (waitForElement)
19:34:51,782 INFO  [SeleniumBrowser] ENTER --> (_getByLocator)
19:34:51,783 INFO  [SeleniumBrowser] (_getByLocator) -> Getting locator for null
19:34:51,783 INFO  [SeleniumBrowser] (_getByLocator) -> Locator info found for ID attribute as: name
19:34:51,783 INFO  [SeleniumBrowser] EXIT --> (_getByLocator)
19:34:51,831 INFO  [SeleniumBrowser] ENTER --> (_getByLocator)
19:34:51,832 INFO  [SeleniumBrowser] (_getByLocator) -> Getting locator for null
19:34:51,832 INFO  [SeleniumBrowser] (_getByLocator) -> Locator info found for ID attribute as: name
19:34:51,832 INFO  [SeleniumBrowser] EXIT --> (_getByLocator)
19:34:51,876 INFO  [SeleniumBrowser] (waitForElement) -> element wait eligibility found: true
19:34:51,876 INFO  [SeleniumBrowser] ENTER --> (_waitForJStoLoad)
19:34:51,911 INFO  [SeleniumBrowser] EXIT --> (_waitForJStoLoad) --> DOM load wait done: true
19:34:51,911 INFO  [SeleniumBrowser] (waitForElement) -> element wait eligibility set: true
19:34:51,911 INFO  [SeleniumBrowser] EXIT --> (waitForElement)
19:34:51,911 INFO  [SeleniumBrowser] EXIT --> (_waitForElement)
19:34:51,918 INFO  [SeleniumBrowser] ENTER --> (_getByLocator)
19:34:51,918 INFO  [SeleniumBrowser] (_getByLocator) -> Getting locator for null
19:34:51,918 INFO  [SeleniumBrowser] (_getByLocator) -> Locator info found for ID attribute as: name
19:34:51,919 INFO  [SeleniumBrowser] EXIT --> (_getByLocator)
19:34:51,936 INFO  [SeleniumBrowser] ENTER --> (_waitForElement) --> Waiting for element: null
19:34:51,936 INFO  [SeleniumBrowser] ENTER --> (waitForElement)
19:34:51,946 INFO  [SeleniumBrowser] ENTER --> (_getByLocator)
19:34:51,946 INFO  [SeleniumBrowser] (_getByLocator) -> Getting locator for null
19:34:51,947 INFO  [SeleniumBrowser] (_getByLocator) -> Locator info found for ID attribute as: name
19:34:51,947 INFO  [SeleniumBrowser] EXIT --> (_getByLocator)
19:34:51,965 INFO  [SeleniumBrowser] ENTER --> (_getByLocator)
19:34:51,966 INFO  [SeleniumBrowser] (_getByLocator) -> Getting locator for null
19:34:51,966 INFO  [SeleniumBrowser] (_getByLocator) -> Locator info found for ID attribute as: name
19:34:51,966 INFO  [SeleniumBrowser] EXIT --> (_getByLocator)
19:34:52,009 INFO  [SeleniumBrowser] (waitForElement) -> element wait eligibility found: true
19:34:52,009 INFO  [SeleniumBrowser] ENTER --> (_waitForJStoLoad)
19:34:52,046 INFO  [SeleniumBrowser] EXIT --> (_waitForJStoLoad) --> DOM load wait done: true
19:34:52,046 INFO  [SeleniumBrowser] (waitForElement) -> element wait eligibility set: true
19:34:52,047 INFO  [SeleniumBrowser] EXIT --> (waitForElement)
19:34:52,047 INFO  [SeleniumBrowser] EXIT --> (_waitForElement)
19:34:52,054 INFO  [SeleniumBrowser] ENTER --> (_getByLocator)
19:34:52,054 INFO  [SeleniumBrowser] (_getByLocator) -> Getting locator for null
19:34:52,054 INFO  [SeleniumBrowser] (_getByLocator) -> Locator info found for ID attribute as: name
19:34:52,054 INFO  [SeleniumBrowser] EXIT --> (_getByLocator)
19:34:52,072 INFO  [SeleniumBrowser] ENTER --> (initElements)
19:34:52,072 INFO  [SeleniumBrowser] (initElements) -> ID set to field: 
19:34:52,072 INFO  [SeleniumBrowser] (initElements) -> Name set to field: 
19:34:52,073 INFO  [SeleniumBrowser] (initElements) -> CSS set to field: 
19:34:52,073 INFO  [SeleniumBrowser] (initElements) -> XPath set to field: //a[contains(@href,'/users/login')]
19:34:52,073 INFO  [SeleniumBrowser] (initElements) -> ID set to field: 
19:34:52,073 INFO  [SeleniumBrowser] (initElements) -> Name set to field: 
19:34:52,073 INFO  [SeleniumBrowser] (initElements) -> CSS set to field: 
19:34:52,073 INFO  [SeleniumBrowser] (initElements) -> XPath set to field: //a[contains(@href,'/users/signup')]
19:34:52,074 INFO  [SeleniumBrowser] (initElements) -> ID set to field: name
19:34:52,074 INFO  [SeleniumBrowser] (initElements) -> Name set to field: 
19:34:52,074 INFO  [SeleniumBrowser] (initElements) -> CSS set to field: 
19:34:52,074 INFO  [SeleniumBrowser] (initElements) -> XPath set to field: 
19:34:52,074 INFO  [SeleniumBrowser] (initElements) -> ID set to field: email
19:34:52,074 INFO  [SeleniumBrowser] (initElements) -> Name set to field: 
19:34:52,075 INFO  [SeleniumBrowser] (initElements) -> CSS set to field: 
19:34:52,075 INFO  [SeleniumBrowser] (initElements) -> XPath set to field: 
19:34:52,075 INFO  [SeleniumBrowser] (initElements) -> ID set to field: password
19:34:52,075 INFO  [SeleniumBrowser] (initElements) -> Name set to field: 
19:34:52,075 INFO  [SeleniumBrowser] (initElements) -> CSS set to field: 
19:34:52,075 INFO  [SeleniumBrowser] (initElements) -> XPath set to field: 
19:34:52,076 INFO  [SeleniumBrowser] (initElements) -> ID set to field: password-confirm
19:34:52,076 INFO  [SeleniumBrowser] (initElements) -> Name set to field: 
19:34:52,076 INFO  [SeleniumBrowser] (initElements) -> CSS set to field: 
19:34:52,076 INFO  [SeleniumBrowser] (initElements) -> XPath set to field: 
19:34:52,076 INFO  [SeleniumBrowser] (initElements) -> ID set to field: 
19:34:52,077 INFO  [SeleniumBrowser] (initElements) -> Name set to field: 
19:34:52,077 INFO  [SeleniumBrowser] (initElements) -> CSS set to field: 
19:34:52,077 INFO  [SeleniumBrowser] (initElements) -> XPath set to field: //button[contains(@class,'ui-btn is-secondary has-busy is-auto is-island')]
19:34:52,077 INFO  [SeleniumBrowser] (initElements) -> ID set to field: 
19:34:52,077 INFO  [SeleniumBrowser] (initElements) -> Name set to field: 
19:34:52,077 INFO  [SeleniumBrowser] (initElements) -> CSS set to field: 
19:34:52,078 INFO  [SeleniumBrowser] (initElements) -> XPath set to field: //a[contains(@class,'ui-btn is-secondary is-island')]
19:34:52,078 INFO  [SeleniumBrowser] EXIT --> (initElements)
19:34:52,078 INFO  [SeleniumBrowser] ENTER --> (_waitForElement) --> Waiting for element: null
19:34:52,078 INFO  [SeleniumBrowser] ENTER --> (waitForElement)
19:34:52,087 INFO  [SeleniumBrowser] ENTER --> (_getByLocator)
19:34:52,087 INFO  [SeleniumBrowser] (_getByLocator) -> Getting locator for null
19:34:52,087 INFO  [SeleniumBrowser] (_getByLocator) -> Locator info found for ID attribute as: email
19:34:52,087 INFO  [SeleniumBrowser] EXIT --> (_getByLocator)
19:34:52,102 INFO  [SeleniumBrowser] ENTER --> (_getByLocator)
19:34:52,103 INFO  [SeleniumBrowser] (_getByLocator) -> Getting locator for null
19:34:52,103 INFO  [SeleniumBrowser] (_getByLocator) -> Locator info found for ID attribute as: email
19:34:52,103 INFO  [SeleniumBrowser] EXIT --> (_getByLocator)
19:34:52,133 INFO  [SeleniumBrowser] (waitForElement) -> element wait eligibility found: true
19:34:52,133 INFO  [SeleniumBrowser] ENTER --> (_waitForJStoLoad)
19:34:52,162 INFO  [SeleniumBrowser] EXIT --> (_waitForJStoLoad) --> DOM load wait done: true
19:34:52,162 INFO  [SeleniumBrowser] (waitForElement) -> element wait eligibility set: true
19:34:52,163 INFO  [SeleniumBrowser] EXIT --> (waitForElement)
19:34:52,163 INFO  [SeleniumBrowser] EXIT --> (_waitForElement)
19:34:52,163 INFO  [SeleniumBrowser] ENTER --> (_waitForElement) --> Waiting for element: null
19:34:52,163 INFO  [SeleniumBrowser] ENTER --> (waitForElement)
19:34:52,169 INFO  [SeleniumBrowser] ENTER --> (_getByLocator)
19:34:52,169 INFO  [SeleniumBrowser] (_getByLocator) -> Getting locator for null
19:34:52,169 INFO  [SeleniumBrowser] (_getByLocator) -> Locator info found for ID attribute as: email
19:34:52,169 INFO  [SeleniumBrowser] EXIT --> (_getByLocator)
19:34:52,183 INFO  [SeleniumBrowser] ENTER --> (_getByLocator)
19:34:52,183 INFO  [SeleniumBrowser] (_getByLocator) -> Getting locator for null
19:34:52,183 INFO  [SeleniumBrowser] (_getByLocator) -> Locator info found for ID attribute as: email
19:34:52,183 INFO  [SeleniumBrowser] EXIT --> (_getByLocator)
19:34:52,217 INFO  [SeleniumBrowser] (waitForElement) -> element wait eligibility found: true
19:34:52,217 INFO  [SeleniumBrowser] ENTER --> (_waitForJStoLoad)
19:34:52,241 INFO  [SeleniumBrowser] EXIT --> (_waitForJStoLoad) --> DOM load wait done: true
19:34:52,241 INFO  [SeleniumBrowser] (waitForElement) -> element wait eligibility set: true
19:34:52,241 INFO  [SeleniumBrowser] EXIT --> (waitForElement)
19:34:52,242 INFO  [SeleniumBrowser] EXIT --> (_waitForElement)
19:34:52,242 INFO  [SeleniumBrowser] ENTER --> (_waitForElement) --> Waiting for element: null
19:34:52,242 INFO  [SeleniumBrowser] ENTER --> (waitForElement)
19:34:52,248 INFO  [SeleniumBrowser] ENTER --> (_getByLocator)
19:34:52,249 INFO  [SeleniumBrowser] (_getByLocator) -> Getting locator for null
19:34:52,249 INFO  [SeleniumBrowser] (_getByLocator) -> Locator info found for ID attribute as: email
19:34:52,249 INFO  [SeleniumBrowser] EXIT --> (_getByLocator)
19:34:52,265 INFO  [SeleniumBrowser] ENTER --> (_getByLocator)
19:34:52,265 INFO  [SeleniumBrowser] (_getByLocator) -> Getting locator for null
19:34:52,265 INFO  [SeleniumBrowser] (_getByLocator) -> Locator info found for ID attribute as: email
19:34:52,265 INFO  [SeleniumBrowser] EXIT --> (_getByLocator)
19:34:52,297 INFO  [SeleniumBrowser] (waitForElement) -> element wait eligibility found: true
19:34:52,298 INFO  [SeleniumBrowser] ENTER --> (_waitForJStoLoad)
19:34:52,324 INFO  [SeleniumBrowser] EXIT --> (_waitForJStoLoad) --> DOM load wait done: true
19:34:52,325 INFO  [SeleniumBrowser] (waitForElement) -> element wait eligibility set: true
19:34:52,325 INFO  [SeleniumBrowser] EXIT --> (waitForElement)
19:34:52,325 INFO  [SeleniumBrowser] EXIT --> (_waitForElement)
19:34:52,325 INFO  [SeleniumBrowser] ENTER --> (_waitForElement) --> Waiting for element: null
19:34:52,325 INFO  [SeleniumBrowser] ENTER --> (waitForElement)
19:34:52,338 INFO  [SeleniumBrowser] ENTER --> (_getByLocator)
19:34:52,338 INFO  [SeleniumBrowser] (_getByLocator) -> Getting locator for null
19:34:52,339 INFO  [SeleniumBrowser] (_getByLocator) -> Locator info found for ID attribute as: email
19:34:52,339 INFO  [SeleniumBrowser] EXIT --> (_getByLocator)
19:34:52,362 INFO  [SeleniumBrowser] ENTER --> (_getByLocator)
19:34:52,362 INFO  [SeleniumBrowser] (_getByLocator) -> Getting locator for null
19:34:52,363 INFO  [SeleniumBrowser] (_getByLocator) -> Locator info found for ID attribute as: email
19:34:52,363 INFO  [SeleniumBrowser] EXIT --> (_getByLocator)
19:34:52,395 INFO  [SeleniumBrowser] (waitForElement) -> element wait eligibility found: true
19:34:52,396 INFO  [SeleniumBrowser] ENTER --> (_waitForJStoLoad)
19:34:52,426 INFO  [SeleniumBrowser] EXIT --> (_waitForJStoLoad) --> DOM load wait done: true
19:34:52,426 INFO  [SeleniumBrowser] (waitForElement) -> element wait eligibility set: true
19:34:52,426 INFO  [SeleniumBrowser] EXIT --> (waitForElement)
19:34:52,427 INFO  [SeleniumBrowser] EXIT --> (_waitForElement)
19:34:52,433 INFO  [SeleniumBrowser] ENTER --> (_getByLocator)
19:34:52,433 INFO  [SeleniumBrowser] (_getByLocator) -> Getting locator for null
19:34:52,434 INFO  [SeleniumBrowser] (_getByLocator) -> Locator info found for ID attribute as: email
19:34:52,434 INFO  [SeleniumBrowser] EXIT --> (_getByLocator)
19:34:52,473 INFO  [SeleniumBrowser] ENTER --> (_getByLocator)
19:34:52,473 INFO  [SeleniumBrowser] (_getByLocator) -> Getting locator for null
19:34:52,473 INFO  [SeleniumBrowser] (_getByLocator) -> Locator info found for ID attribute as: email
19:34:52,473 INFO  [SeleniumBrowser] EXIT --> (_getByLocator)
19:34:52,564 INFO  [SeleniumBrowser] ENTER --> (_getByLocator)
19:34:52,564 INFO  [SeleniumBrowser] (_getByLocator) -> Getting locator for null
19:34:52,564 INFO  [SeleniumBrowser] (_getByLocator) -> Locator info found for ID attribute as: email
19:34:52,565 INFO  [SeleniumBrowser] EXIT --> (_getByLocator)
19:34:52,669 INFO  [SeleniumBrowser] ENTER --> (_waitForElement) --> Waiting for element: null
19:34:52,669 INFO  [SeleniumBrowser] ENTER --> (waitForElement)
19:34:52,675 INFO  [SeleniumBrowser] ENTER --> (_getByLocator)
19:34:52,676 INFO  [SeleniumBrowser] (_getByLocator) -> Getting locator for null
19:34:52,676 INFO  [SeleniumBrowser] (_getByLocator) -> Locator info found for ID attribute as: email
19:34:52,676 INFO  [SeleniumBrowser] EXIT --> (_getByLocator)
19:34:52,699 INFO  [SeleniumBrowser] ENTER --> (_getByLocator)
19:34:52,699 INFO  [SeleniumBrowser] (_getByLocator) -> Getting locator for null
19:34:52,699 INFO  [SeleniumBrowser] (_getByLocator) -> Locator info found for ID attribute as: email
19:34:52,699 INFO  [SeleniumBrowser] EXIT --> (_getByLocator)
19:34:52,799 INFO  [SeleniumBrowser] (waitForElement) -> element wait eligibility found: true
19:34:52,800 INFO  [SeleniumBrowser] ENTER --> (_waitForJStoLoad)
19:34:52,831 INFO  [SeleniumBrowser] EXIT --> (_waitForJStoLoad) --> DOM load wait done: true
19:34:52,831 INFO  [SeleniumBrowser] (waitForElement) -> element wait eligibility set: true
19:34:52,831 INFO  [SeleniumBrowser] EXIT --> (waitForElement)
19:34:52,831 INFO  [SeleniumBrowser] EXIT --> (_waitForElement)
19:34:52,836 INFO  [SeleniumBrowser] ENTER --> (_getByLocator)
19:34:52,836 INFO  [SeleniumBrowser] (_getByLocator) -> Getting locator for null
19:34:52,837 INFO  [SeleniumBrowser] (_getByLocator) -> Locator info found for ID attribute as: email
19:34:52,837 INFO  [SeleniumBrowser] EXIT --> (_getByLocator)
19:34:52,847 INFO  [SeleniumBrowser] ENTER --> (_waitForElement) --> Waiting for element: null
19:34:52,847 INFO  [SeleniumBrowser] ENTER --> (waitForElement)
19:34:52,853 INFO  [SeleniumBrowser] ENTER --> (_getByLocator)
19:34:52,853 INFO  [SeleniumBrowser] (_getByLocator) -> Getting locator for null
19:34:52,853 INFO  [SeleniumBrowser] (_getByLocator) -> Locator info found for ID attribute as: email
19:34:52,853 INFO  [SeleniumBrowser] EXIT --> (_getByLocator)
19:34:52,867 INFO  [SeleniumBrowser] ENTER --> (_getByLocator)
19:34:52,867 INFO  [SeleniumBrowser] (_getByLocator) -> Getting locator for null
19:34:52,867 INFO  [SeleniumBrowser] (_getByLocator) -> Locator info found for ID attribute as: email
19:34:52,868 INFO  [SeleniumBrowser] EXIT --> (_getByLocator)
19:34:52,895 INFO  [SeleniumBrowser] (waitForElement) -> element wait eligibility found: true
19:34:52,895 INFO  [SeleniumBrowser] ENTER --> (_waitForJStoLoad)
19:34:52,918 INFO  [SeleniumBrowser] EXIT --> (_waitForJStoLoad) --> DOM load wait done: true
19:34:52,918 INFO  [SeleniumBrowser] (waitForElement) -> element wait eligibility set: true
19:34:52,918 INFO  [SeleniumBrowser] EXIT --> (waitForElement)
19:34:52,919 INFO  [SeleniumBrowser] EXIT --> (_waitForElement)
19:34:52,924 INFO  [SeleniumBrowser] ENTER --> (_getByLocator)
19:34:52,924 INFO  [SeleniumBrowser] (_getByLocator) -> Getting locator for null
19:34:52,924 INFO  [SeleniumBrowser] (_getByLocator) -> Locator info found for ID attribute as: email
19:34:52,924 INFO  [SeleniumBrowser] EXIT --> (_getByLocator)
19:34:52,937 INFO  [SeleniumBrowser] ENTER --> (initElements)
19:34:52,937 INFO  [SeleniumBrowser] (initElements) -> ID set to field: 
19:34:52,937 INFO  [SeleniumBrowser] (initElements) -> Name set to field: 
19:34:52,937 INFO  [SeleniumBrowser] (initElements) -> CSS set to field: 
19:34:52,937 INFO  [SeleniumBrowser] (initElements) -> XPath set to field: //a[contains(@href,'/users/login')]
19:34:52,938 INFO  [SeleniumBrowser] (initElements) -> ID set to field: 
19:34:52,938 INFO  [SeleniumBrowser] (initElements) -> Name set to field: 
19:34:52,938 INFO  [SeleniumBrowser] (initElements) -> CSS set to field: 
19:34:52,938 INFO  [SeleniumBrowser] (initElements) -> XPath set to field: //a[contains(@href,'/users/signup')]
19:34:52,938 INFO  [SeleniumBrowser] (initElements) -> ID set to field: name
19:34:52,938 INFO  [SeleniumBrowser] (initElements) -> Name set to field: 
19:34:52,938 INFO  [SeleniumBrowser] (initElements) -> CSS set to field: 
19:34:52,939 INFO  [SeleniumBrowser] (initElements) -> XPath set to field: 
19:34:52,939 INFO  [SeleniumBrowser] (initElements) -> ID set to field: email
19:34:52,939 INFO  [SeleniumBrowser] (initElements) -> Name set to field: 
19:34:52,939 INFO  [SeleniumBrowser] (initElements) -> CSS set to field: 
19:34:52,939 INFO  [SeleniumBrowser] (initElements) -> XPath set to field: 
19:34:52,939 INFO  [SeleniumBrowser] (initElements) -> ID set to field: password
19:34:52,939 INFO  [SeleniumBrowser] (initElements) -> Name set to field: 
19:34:52,940 INFO  [SeleniumBrowser] (initElements) -> CSS set to field: 
19:34:52,940 INFO  [SeleniumBrowser] (initElements) -> XPath set to field: 
19:34:52,940 INFO  [SeleniumBrowser] (initElements) -> ID set to field: password-confirm
19:34:52,940 INFO  [SeleniumBrowser] (initElements) -> Name set to field: 
19:34:52,940 INFO  [SeleniumBrowser] (initElements) -> CSS set to field: 
19:34:52,940 INFO  [SeleniumBrowser] (initElements) -> XPath set to field: 
19:34:52,940 INFO  [SeleniumBrowser] (initElements) -> ID set to field: 
19:34:52,941 INFO  [SeleniumBrowser] (initElements) -> Name set to field: 
19:34:52,941 INFO  [SeleniumBrowser] (initElements) -> CSS set to field: 
19:34:52,941 INFO  [SeleniumBrowser] (initElements) -> XPath set to field: //button[contains(@class,'ui-btn is-secondary has-busy is-auto is-island')]
19:34:52,941 INFO  [SeleniumBrowser] (initElements) -> ID set to field: 
19:34:52,941 INFO  [SeleniumBrowser] (initElements) -> Name set to field: 
19:34:52,941 INFO  [SeleniumBrowser] (initElements) -> CSS set to field: 
19:34:52,941 INFO  [SeleniumBrowser] (initElements) -> XPath set to field: //a[contains(@class,'ui-btn is-secondary is-island')]
19:34:52,942 INFO  [SeleniumBrowser] EXIT --> (initElements)
19:34:52,942 INFO  [SeleniumBrowser] ENTER --> (_waitForElement) --> Waiting for element: null
19:34:52,942 INFO  [SeleniumBrowser] ENTER --> (waitForElement)
19:34:52,947 INFO  [SeleniumBrowser] ENTER --> (_getByLocator)
19:34:52,947 INFO  [SeleniumBrowser] (_getByLocator) -> Getting locator for null
19:34:52,947 INFO  [SeleniumBrowser] (_getByLocator) -> Locator info found for ID attribute as: password
19:34:52,947 INFO  [SeleniumBrowser] EXIT --> (_getByLocator)
19:34:52,960 INFO  [SeleniumBrowser] ENTER --> (_getByLocator)
19:34:52,960 INFO  [SeleniumBrowser] (_getByLocator) -> Getting locator for null
19:34:52,960 INFO  [SeleniumBrowser] (_getByLocator) -> Locator info found for ID attribute as: password
19:34:52,960 INFO  [SeleniumBrowser] EXIT --> (_getByLocator)
19:34:52,990 INFO  [SeleniumBrowser] (waitForElement) -> element wait eligibility found: true
19:34:52,991 INFO  [SeleniumBrowser] ENTER --> (_waitForJStoLoad)
19:34:53,022 INFO  [SeleniumBrowser] EXIT --> (_waitForJStoLoad) --> DOM load wait done: true
19:34:53,022 INFO  [SeleniumBrowser] (waitForElement) -> element wait eligibility set: true
19:34:53,023 INFO  [SeleniumBrowser] EXIT --> (waitForElement)
19:34:53,023 INFO  [SeleniumBrowser] EXIT --> (_waitForElement)
19:34:53,023 INFO  [SeleniumBrowser] ENTER --> (_waitForElement) --> Waiting for element: null
19:34:53,023 INFO  [SeleniumBrowser] ENTER --> (waitForElement)
19:34:53,030 INFO  [SeleniumBrowser] ENTER --> (_getByLocator)
19:34:53,031 INFO  [SeleniumBrowser] (_getByLocator) -> Getting locator for null
19:34:53,031 INFO  [SeleniumBrowser] (_getByLocator) -> Locator info found for ID attribute as: password
19:34:53,031 INFO  [SeleniumBrowser] EXIT --> (_getByLocator)
19:34:53,055 INFO  [SeleniumBrowser] ENTER --> (_getByLocator)
19:34:53,055 INFO  [SeleniumBrowser] (_getByLocator) -> Getting locator for null
19:34:53,055 INFO  [SeleniumBrowser] (_getByLocator) -> Locator info found for ID attribute as: password
19:34:53,055 INFO  [SeleniumBrowser] EXIT --> (_getByLocator)
19:34:53,091 INFO  [SeleniumBrowser] (waitForElement) -> element wait eligibility found: true
19:34:53,092 INFO  [SeleniumBrowser] ENTER --> (_waitForJStoLoad)
19:34:53,142 INFO  [SeleniumBrowser] EXIT --> (_waitForJStoLoad) --> DOM load wait done: true
19:34:53,142 INFO  [SeleniumBrowser] (waitForElement) -> element wait eligibility set: true
19:34:53,142 INFO  [SeleniumBrowser] EXIT --> (waitForElement)
19:34:53,142 INFO  [SeleniumBrowser] EXIT --> (_waitForElement)
19:34:53,142 INFO  [SeleniumBrowser] ENTER --> (_waitForElement) --> Waiting for element: null
19:34:53,142 INFO  [SeleniumBrowser] ENTER --> (waitForElement)
19:34:53,155 INFO  [SeleniumBrowser] ENTER --> (_getByLocator)
19:34:53,155 INFO  [SeleniumBrowser] (_getByLocator) -> Getting locator for null
19:34:53,155 INFO  [SeleniumBrowser] (_getByLocator) -> Locator info found for ID attribute as: password
19:34:53,155 INFO  [SeleniumBrowser] EXIT --> (_getByLocator)
19:34:53,179 INFO  [SeleniumBrowser] ENTER --> (_getByLocator)
19:34:53,179 INFO  [SeleniumBrowser] (_getByLocator) -> Getting locator for null
19:34:53,179 INFO  [SeleniumBrowser] (_getByLocator) -> Locator info found for ID attribute as: password
19:34:53,179 INFO  [SeleniumBrowser] EXIT --> (_getByLocator)
19:34:53,233 INFO  [SeleniumBrowser] (waitForElement) -> element wait eligibility found: true
19:34:53,233 INFO  [SeleniumBrowser] ENTER --> (_waitForJStoLoad)
19:34:53,286 INFO  [SeleniumBrowser] EXIT --> (_waitForJStoLoad) --> DOM load wait done: true
19:34:53,286 INFO  [SeleniumBrowser] (waitForElement) -> element wait eligibility set: true
19:34:53,287 INFO  [SeleniumBrowser] EXIT --> (waitForElement)
19:34:53,287 INFO  [SeleniumBrowser] EXIT --> (_waitForElement)
19:34:53,287 INFO  [SeleniumBrowser] ENTER --> (_waitForElement) --> Waiting for element: null
19:34:53,287 INFO  [SeleniumBrowser] ENTER --> (waitForElement)
19:34:53,296 INFO  [SeleniumBrowser] ENTER --> (_getByLocator)
19:34:53,296 INFO  [SeleniumBrowser] (_getByLocator) -> Getting locator for null
19:34:53,296 INFO  [SeleniumBrowser] (_getByLocator) -> Locator info found for ID attribute as: password
19:34:53,296 INFO  [SeleniumBrowser] EXIT --> (_getByLocator)
19:34:53,327 INFO  [SeleniumBrowser] ENTER --> (_getByLocator)
19:34:53,328 INFO  [SeleniumBrowser] (_getByLocator) -> Getting locator for null
19:34:53,328 INFO  [SeleniumBrowser] (_getByLocator) -> Locator info found for ID attribute as: password
19:34:53,328 INFO  [SeleniumBrowser] EXIT --> (_getByLocator)
19:34:53,379 INFO  [SeleniumBrowser] (waitForElement) -> element wait eligibility found: true
19:34:53,379 INFO  [SeleniumBrowser] ENTER --> (_waitForJStoLoad)
19:34:53,423 INFO  [SeleniumBrowser] EXIT --> (_waitForJStoLoad) --> DOM load wait done: true
19:34:53,423 INFO  [SeleniumBrowser] (waitForElement) -> element wait eligibility set: true
19:34:53,423 INFO  [SeleniumBrowser] EXIT --> (waitForElement)
19:34:53,424 INFO  [SeleniumBrowser] EXIT --> (_waitForElement)
19:34:53,438 INFO  [SeleniumBrowser] ENTER --> (_getByLocator)
19:34:53,439 INFO  [SeleniumBrowser] (_getByLocator) -> Getting locator for null
19:34:53,439 INFO  [SeleniumBrowser] (_getByLocator) -> Locator info found for ID attribute as: password
19:34:53,439 INFO  [SeleniumBrowser] EXIT --> (_getByLocator)
19:34:53,508 INFO  [SeleniumBrowser] ENTER --> (_getByLocator)
19:34:53,509 INFO  [SeleniumBrowser] (_getByLocator) -> Getting locator for null
19:34:53,509 INFO  [SeleniumBrowser] (_getByLocator) -> Locator info found for ID attribute as: password
19:34:53,509 INFO  [SeleniumBrowser] EXIT --> (_getByLocator)
19:34:53,624 INFO  [SeleniumBrowser] ENTER --> (_getByLocator)
19:34:53,624 INFO  [SeleniumBrowser] (_getByLocator) -> Getting locator for null
19:34:53,624 INFO  [SeleniumBrowser] (_getByLocator) -> Locator info found for ID attribute as: password
19:34:53,624 INFO  [SeleniumBrowser] EXIT --> (_getByLocator)
19:34:53,673 INFO  [SeleniumBrowser] ENTER --> (_waitForElement) --> Waiting for element: null
19:34:53,673 INFO  [SeleniumBrowser] ENTER --> (waitForElement)
19:34:53,678 INFO  [SeleniumBrowser] ENTER --> (_getByLocator)
19:34:53,679 INFO  [SeleniumBrowser] (_getByLocator) -> Getting locator for null
19:34:53,679 INFO  [SeleniumBrowser] (_getByLocator) -> Locator info found for ID attribute as: password
19:34:53,679 INFO  [SeleniumBrowser] EXIT --> (_getByLocator)
19:34:53,705 INFO  [SeleniumBrowser] ENTER --> (_getByLocator)
19:34:53,705 INFO  [SeleniumBrowser] (_getByLocator) -> Getting locator for null
19:34:53,705 INFO  [SeleniumBrowser] (_getByLocator) -> Locator info found for ID attribute as: password
19:34:53,705 INFO  [SeleniumBrowser] EXIT --> (_getByLocator)
19:34:53,736 INFO  [SeleniumBrowser] (waitForElement) -> element wait eligibility found: true
19:34:53,736 INFO  [SeleniumBrowser] ENTER --> (_waitForJStoLoad)
19:34:53,779 INFO  [SeleniumBrowser] EXIT --> (_waitForJStoLoad) --> DOM load wait done: true
19:34:53,780 INFO  [SeleniumBrowser] (waitForElement) -> element wait eligibility set: true
19:34:53,780 INFO  [SeleniumBrowser] EXIT --> (waitForElement)
19:34:53,780 INFO  [SeleniumBrowser] EXIT --> (_waitForElement)
19:34:53,785 INFO  [SeleniumBrowser] ENTER --> (_getByLocator)
19:34:53,786 INFO  [SeleniumBrowser] (_getByLocator) -> Getting locator for null
19:34:53,786 INFO  [SeleniumBrowser] (_getByLocator) -> Locator info found for ID attribute as: password
19:34:53,786 INFO  [SeleniumBrowser] EXIT --> (_getByLocator)
19:34:53,798 INFO  [SeleniumBrowser] ENTER --> (_waitForElement) --> Waiting for element: null
19:34:53,799 INFO  [SeleniumBrowser] ENTER --> (waitForElement)
19:34:53,805 INFO  [SeleniumBrowser] ENTER --> (_getByLocator)
19:34:53,805 INFO  [SeleniumBrowser] (_getByLocator) -> Getting locator for null
19:34:53,805 INFO  [SeleniumBrowser] (_getByLocator) -> Locator info found for ID attribute as: password
19:34:53,806 INFO  [SeleniumBrowser] EXIT --> (_getByLocator)
19:34:53,825 INFO  [SeleniumBrowser] ENTER --> (_getByLocator)
19:34:53,825 INFO  [SeleniumBrowser] (_getByLocator) -> Getting locator for null
19:34:53,825 INFO  [SeleniumBrowser] (_getByLocator) -> Locator info found for ID attribute as: password
19:34:53,825 INFO  [SeleniumBrowser] EXIT --> (_getByLocator)
19:34:53,853 INFO  [SeleniumBrowser] (waitForElement) -> element wait eligibility found: true
19:34:53,854 INFO  [SeleniumBrowser] ENTER --> (_waitForJStoLoad)
19:34:53,915 INFO  [SeleniumBrowser] EXIT --> (_waitForJStoLoad) --> DOM load wait done: true
19:34:53,916 INFO  [SeleniumBrowser] (waitForElement) -> element wait eligibility set: true
19:34:53,916 INFO  [SeleniumBrowser] EXIT --> (waitForElement)
19:34:53,916 INFO  [SeleniumBrowser] EXIT --> (_waitForElement)
19:34:53,922 INFO  [SeleniumBrowser] ENTER --> (_getByLocator)
19:34:53,922 INFO  [SeleniumBrowser] (_getByLocator) -> Getting locator for null
19:34:53,922 INFO  [SeleniumBrowser] (_getByLocator) -> Locator info found for ID attribute as: password
19:34:53,922 INFO  [SeleniumBrowser] EXIT --> (_getByLocator)
19:34:53,939 INFO  [SeleniumBrowser] ENTER --> (initElements)
19:34:53,940 INFO  [SeleniumBrowser] (initElements) -> ID set to field: 
19:34:53,940 INFO  [SeleniumBrowser] (initElements) -> Name set to field: 
19:34:53,940 INFO  [SeleniumBrowser] (initElements) -> CSS set to field: 
19:34:53,940 INFO  [SeleniumBrowser] (initElements) -> XPath set to field: //a[contains(@href,'/users/login')]
19:34:53,940 INFO  [SeleniumBrowser] (initElements) -> ID set to field: 
19:34:53,940 INFO  [SeleniumBrowser] (initElements) -> Name set to field: 
19:34:53,941 INFO  [SeleniumBrowser] (initElements) -> CSS set to field: 
19:34:53,941 INFO  [SeleniumBrowser] (initElements) -> XPath set to field: //a[contains(@href,'/users/signup')]
19:34:53,941 INFO  [SeleniumBrowser] (initElements) -> ID set to field: name
19:34:53,941 INFO  [SeleniumBrowser] (initElements) -> Name set to field: 
19:34:53,941 INFO  [SeleniumBrowser] (initElements) -> CSS set to field: 
19:34:53,941 INFO  [SeleniumBrowser] (initElements) -> XPath set to field: 
19:34:53,942 INFO  [SeleniumBrowser] (initElements) -> ID set to field: email
19:34:53,942 INFO  [SeleniumBrowser] (initElements) -> Name set to field: 
19:34:53,942 INFO  [SeleniumBrowser] (initElements) -> CSS set to field: 
19:34:53,942 INFO  [SeleniumBrowser] (initElements) -> XPath set to field: 
19:34:53,942 INFO  [SeleniumBrowser] (initElements) -> ID set to field: password
19:34:53,942 INFO  [SeleniumBrowser] (initElements) -> Name set to field: 
19:34:53,942 INFO  [SeleniumBrowser] (initElements) -> CSS set to field: 
19:34:53,942 INFO  [SeleniumBrowser] (initElements) -> XPath set to field: 
19:34:53,943 INFO  [SeleniumBrowser] (initElements) -> ID set to field: password-confirm
19:34:53,943 INFO  [SeleniumBrowser] (initElements) -> Name set to field: 
19:34:53,943 INFO  [SeleniumBrowser] (initElements) -> CSS set to field: 
19:34:53,943 INFO  [SeleniumBrowser] (initElements) -> XPath set to field: 
19:34:53,943 INFO  [SeleniumBrowser] (initElements) -> ID set to field: 
19:34:53,943 INFO  [SeleniumBrowser] (initElements) -> Name set to field: 
19:34:53,943 INFO  [SeleniumBrowser] (initElements) -> CSS set to field: 
19:34:53,944 INFO  [SeleniumBrowser] (initElements) -> XPath set to field: //button[contains(@class,'ui-btn is-secondary has-busy is-auto is-island')]
19:34:53,944 INFO  [SeleniumBrowser] (initElements) -> ID set to field: 
19:34:53,944 INFO  [SeleniumBrowser] (initElements) -> Name set to field: 
19:34:53,944 INFO  [SeleniumBrowser] (initElements) -> CSS set to field: 
19:34:53,944 INFO  [SeleniumBrowser] (initElements) -> XPath set to field: //a[contains(@class,'ui-btn is-secondary is-island')]
19:34:53,944 INFO  [SeleniumBrowser] EXIT --> (initElements)
19:34:53,944 INFO  [SeleniumBrowser] ENTER --> (_waitForElement) --> Waiting for element: null
19:34:53,945 INFO  [SeleniumBrowser] ENTER --> (waitForElement)
19:34:53,950 INFO  [SeleniumBrowser] ENTER --> (_getByLocator)
19:34:53,950 INFO  [SeleniumBrowser] (_getByLocator) -> Getting locator for null
19:34:53,950 INFO  [SeleniumBrowser] (_getByLocator) -> Locator info found for ID attribute as: password-confirm
19:34:53,950 INFO  [SeleniumBrowser] EXIT --> (_getByLocator)
19:34:53,965 INFO  [SeleniumBrowser] ENTER --> (_getByLocator)
19:34:53,965 INFO  [SeleniumBrowser] (_getByLocator) -> Getting locator for null
19:34:53,965 INFO  [SeleniumBrowser] (_getByLocator) -> Locator info found for ID attribute as: password-confirm
19:34:53,965 INFO  [SeleniumBrowser] EXIT --> (_getByLocator)
19:34:54,031 INFO  [SeleniumBrowser] (waitForElement) -> element wait eligibility found: true
19:34:54,031 INFO  [SeleniumBrowser] ENTER --> (_waitForJStoLoad)
19:34:54,060 INFO  [SeleniumBrowser] EXIT --> (_waitForJStoLoad) --> DOM load wait done: true
19:34:54,060 INFO  [SeleniumBrowser] (waitForElement) -> element wait eligibility set: true
19:34:54,060 INFO  [SeleniumBrowser] EXIT --> (waitForElement)
19:34:54,060 INFO  [SeleniumBrowser] EXIT --> (_waitForElement)
19:34:54,060 INFO  [SeleniumBrowser] ENTER --> (_waitForElement) --> Waiting for element: null
19:34:54,060 INFO  [SeleniumBrowser] ENTER --> (waitForElement)
19:34:54,066 INFO  [SeleniumBrowser] ENTER --> (_getByLocator)
19:34:54,066 INFO  [SeleniumBrowser] (_getByLocator) -> Getting locator for null
19:34:54,066 INFO  [SeleniumBrowser] (_getByLocator) -> Locator info found for ID attribute as: password-confirm
19:34:54,066 INFO  [SeleniumBrowser] EXIT --> (_getByLocator)
19:34:54,083 INFO  [SeleniumBrowser] ENTER --> (_getByLocator)
19:34:54,083 INFO  [SeleniumBrowser] (_getByLocator) -> Getting locator for null
19:34:54,083 INFO  [SeleniumBrowser] (_getByLocator) -> Locator info found for ID attribute as: password-confirm
19:34:54,083 INFO  [SeleniumBrowser] EXIT --> (_getByLocator)
19:34:54,145 INFO  [SeleniumBrowser] (waitForElement) -> element wait eligibility found: true
19:34:54,145 INFO  [SeleniumBrowser] ENTER --> (_waitForJStoLoad)
19:34:54,173 INFO  [SeleniumBrowser] EXIT --> (_waitForJStoLoad) --> DOM load wait done: true
19:34:54,173 INFO  [SeleniumBrowser] (waitForElement) -> element wait eligibility set: true
19:34:54,174 INFO  [SeleniumBrowser] EXIT --> (waitForElement)
19:34:54,174 INFO  [SeleniumBrowser] EXIT --> (_waitForElement)
19:34:54,174 INFO  [SeleniumBrowser] ENTER --> (_waitForElement) --> Waiting for element: null
19:34:54,174 INFO  [SeleniumBrowser] ENTER --> (waitForElement)
19:34:54,181 INFO  [SeleniumBrowser] ENTER --> (_getByLocator)
19:34:54,181 INFO  [SeleniumBrowser] (_getByLocator) -> Getting locator for null
19:34:54,181 INFO  [SeleniumBrowser] (_getByLocator) -> Locator info found for ID attribute as: password-confirm
19:34:54,181 INFO  [SeleniumBrowser] EXIT --> (_getByLocator)
19:34:54,199 INFO  [SeleniumBrowser] ENTER --> (_getByLocator)
19:34:54,199 INFO  [SeleniumBrowser] (_getByLocator) -> Getting locator for null
19:34:54,200 INFO  [SeleniumBrowser] (_getByLocator) -> Locator info found for ID attribute as: password-confirm
19:34:54,200 INFO  [SeleniumBrowser] EXIT --> (_getByLocator)
19:34:54,229 INFO  [SeleniumBrowser] (waitForElement) -> element wait eligibility found: true
19:34:54,230 INFO  [SeleniumBrowser] ENTER --> (_waitForJStoLoad)
19:34:54,258 INFO  [SeleniumBrowser] EXIT --> (_waitForJStoLoad) --> DOM load wait done: true
19:34:54,258 INFO  [SeleniumBrowser] (waitForElement) -> element wait eligibility set: true
19:34:54,259 INFO  [SeleniumBrowser] EXIT --> (waitForElement)
19:34:54,259 INFO  [SeleniumBrowser] EXIT --> (_waitForElement)
19:34:54,259 INFO  [SeleniumBrowser] ENTER --> (_waitForElement) --> Waiting for element: null
19:34:54,259 INFO  [SeleniumBrowser] ENTER --> (waitForElement)
19:34:54,264 INFO  [SeleniumBrowser] ENTER --> (_getByLocator)
19:34:54,264 INFO  [SeleniumBrowser] (_getByLocator) -> Getting locator for null
19:34:54,264 INFO  [SeleniumBrowser] (_getByLocator) -> Locator info found for ID attribute as: password-confirm
19:34:54,264 INFO  [SeleniumBrowser] EXIT --> (_getByLocator)
19:34:54,281 INFO  [SeleniumBrowser] ENTER --> (_getByLocator)
19:34:54,282 INFO  [SeleniumBrowser] (_getByLocator) -> Getting locator for null
19:34:54,282 INFO  [SeleniumBrowser] (_getByLocator) -> Locator info found for ID attribute as: password-confirm
19:34:54,282 INFO  [SeleniumBrowser] EXIT --> (_getByLocator)
19:34:54,312 INFO  [SeleniumBrowser] (waitForElement) -> element wait eligibility found: true
19:34:54,312 INFO  [SeleniumBrowser] ENTER --> (_waitForJStoLoad)
19:34:54,340 INFO  [SeleniumBrowser] EXIT --> (_waitForJStoLoad) --> DOM load wait done: true
19:34:54,340 INFO  [SeleniumBrowser] (waitForElement) -> element wait eligibility set: true
19:34:54,340 INFO  [SeleniumBrowser] EXIT --> (waitForElement)
19:34:54,340 INFO  [SeleniumBrowser] EXIT --> (_waitForElement)
19:34:54,345 INFO  [SeleniumBrowser] ENTER --> (_getByLocator)
19:34:54,346 INFO  [SeleniumBrowser] (_getByLocator) -> Getting locator for null
19:34:54,346 INFO  [SeleniumBrowser] (_getByLocator) -> Locator info found for ID attribute as: password-confirm
19:34:54,346 INFO  [SeleniumBrowser] EXIT --> (_getByLocator)
19:34:54,390 INFO  [SeleniumBrowser] ENTER --> (_getByLocator)
19:34:54,390 INFO  [SeleniumBrowser] (_getByLocator) -> Getting locator for null
19:34:54,391 INFO  [SeleniumBrowser] (_getByLocator) -> Locator info found for ID attribute as: password-confirm
19:34:54,391 INFO  [SeleniumBrowser] EXIT --> (_getByLocator)
19:34:54,483 INFO  [SeleniumBrowser] ENTER --> (_getByLocator)
19:34:54,483 INFO  [SeleniumBrowser] (_getByLocator) -> Getting locator for null
19:34:54,483 INFO  [SeleniumBrowser] (_getByLocator) -> Locator info found for ID attribute as: password-confirm
19:34:54,484 INFO  [SeleniumBrowser] EXIT --> (_getByLocator)
19:34:54,553 INFO  [SeleniumBrowser] ENTER --> (_waitForElement) --> Waiting for element: null
19:34:54,553 INFO  [SeleniumBrowser] ENTER --> (waitForElement)
19:34:54,559 INFO  [SeleniumBrowser] ENTER --> (_getByLocator)
19:34:54,559 INFO  [SeleniumBrowser] (_getByLocator) -> Getting locator for null
19:34:54,559 INFO  [SeleniumBrowser] (_getByLocator) -> Locator info found for ID attribute as: password-confirm
19:34:54,559 INFO  [SeleniumBrowser] EXIT --> (_getByLocator)
19:34:54,581 INFO  [SeleniumBrowser] ENTER --> (_getByLocator)
19:34:54,582 INFO  [SeleniumBrowser] (_getByLocator) -> Getting locator for null
19:34:54,582 INFO  [SeleniumBrowser] (_getByLocator) -> Locator info found for ID attribute as: password-confirm
19:34:54,582 INFO  [SeleniumBrowser] EXIT --> (_getByLocator)
19:34:54,617 INFO  [SeleniumBrowser] (waitForElement) -> element wait eligibility found: true
19:34:54,617 INFO  [SeleniumBrowser] ENTER --> (_waitForJStoLoad)
19:34:54,645 INFO  [SeleniumBrowser] EXIT --> (_waitForJStoLoad) --> DOM load wait done: true
19:34:54,645 INFO  [SeleniumBrowser] (waitForElement) -> element wait eligibility set: true
19:34:54,645 INFO  [SeleniumBrowser] EXIT --> (waitForElement)
19:34:54,645 INFO  [SeleniumBrowser] EXIT --> (_waitForElement)
19:34:54,650 INFO  [SeleniumBrowser] ENTER --> (_getByLocator)
19:34:54,650 INFO  [SeleniumBrowser] (_getByLocator) -> Getting locator for null
19:34:54,651 INFO  [SeleniumBrowser] (_getByLocator) -> Locator info found for ID attribute as: password-confirm
19:34:54,651 INFO  [SeleniumBrowser] EXIT --> (_getByLocator)
19:34:54,666 INFO  [SeleniumBrowser] ENTER --> (_waitForElement) --> Waiting for element: null
19:34:54,667 INFO  [SeleniumBrowser] ENTER --> (waitForElement)
19:34:54,672 INFO  [SeleniumBrowser] ENTER --> (_getByLocator)
19:34:54,672 INFO  [SeleniumBrowser] (_getByLocator) -> Getting locator for null
19:34:54,673 INFO  [SeleniumBrowser] (_getByLocator) -> Locator info found for ID attribute as: password-confirm
19:34:54,673 INFO  [SeleniumBrowser] EXIT --> (_getByLocator)
19:34:54,687 INFO  [SeleniumBrowser] ENTER --> (_getByLocator)
19:34:54,687 INFO  [SeleniumBrowser] (_getByLocator) -> Getting locator for null
19:34:54,687 INFO  [SeleniumBrowser] (_getByLocator) -> Locator info found for ID attribute as: password-confirm
19:34:54,687 INFO  [SeleniumBrowser] EXIT --> (_getByLocator)
19:34:54,718 INFO  [SeleniumBrowser] (waitForElement) -> element wait eligibility found: true
19:34:54,718 INFO  [SeleniumBrowser] ENTER --> (_waitForJStoLoad)
19:34:54,756 INFO  [SeleniumBrowser] EXIT --> (_waitForJStoLoad) --> DOM load wait done: true
19:34:54,756 INFO  [SeleniumBrowser] (waitForElement) -> element wait eligibility set: true
19:34:54,756 INFO  [SeleniumBrowser] EXIT --> (waitForElement)
19:34:54,756 INFO  [SeleniumBrowser] EXIT --> (_waitForElement)
19:34:54,762 INFO  [SeleniumBrowser] ENTER --> (_getByLocator)
19:34:54,762 INFO  [SeleniumBrowser] (_getByLocator) -> Getting locator for null
19:34:54,762 INFO  [SeleniumBrowser] (_getByLocator) -> Locator info found for ID attribute as: password-confirm
19:34:54,763 INFO  [SeleniumBrowser] EXIT --> (_getByLocator)
19:34:54,775 INFO  [SeleniumBrowser] ENTER --> (initElements)
19:34:54,776 INFO  [SeleniumBrowser] (initElements) -> ID set to field: 
19:34:54,776 INFO  [SeleniumBrowser] (initElements) -> Name set to field: 
19:34:54,776 INFO  [SeleniumBrowser] (initElements) -> CSS set to field: 
19:34:54,776 INFO  [SeleniumBrowser] (initElements) -> XPath set to field: //a[contains(@href,'/users/login')]
19:34:54,777 INFO  [SeleniumBrowser] (initElements) -> ID set to field: 
19:34:54,777 INFO  [SeleniumBrowser] (initElements) -> Name set to field: 
19:34:54,777 INFO  [SeleniumBrowser] (initElements) -> CSS set to field: 
19:34:54,777 INFO  [SeleniumBrowser] (initElements) -> XPath set to field: //a[contains(@href,'/users/signup')]
19:34:54,778 INFO  [SeleniumBrowser] (initElements) -> ID set to field: name
19:34:54,778 INFO  [SeleniumBrowser] (initElements) -> Name set to field: 
19:34:54,778 INFO  [SeleniumBrowser] (initElements) -> CSS set to field: 
19:34:54,778 INFO  [SeleniumBrowser] (initElements) -> XPath set to field: 
19:34:54,779 INFO  [SeleniumBrowser] (initElements) -> ID set to field: email
19:34:54,779 INFO  [SeleniumBrowser] (initElements) -> Name set to field: 
19:34:54,779 INFO  [SeleniumBrowser] (initElements) -> CSS set to field: 
19:34:54,779 INFO  [SeleniumBrowser] (initElements) -> XPath set to field: 
19:34:54,780 INFO  [SeleniumBrowser] (initElements) -> ID set to field: password
19:34:54,780 INFO  [SeleniumBrowser] (initElements) -> Name set to field: 
19:34:54,780 INFO  [SeleniumBrowser] (initElements) -> CSS set to field: 
19:34:54,780 INFO  [SeleniumBrowser] (initElements) -> XPath set to field: 
19:34:54,780 INFO  [SeleniumBrowser] (initElements) -> ID set to field: password-confirm
19:34:54,780 INFO  [SeleniumBrowser] (initElements) -> Name set to field: 
19:34:54,781 INFO  [SeleniumBrowser] (initElements) -> CSS set to field: 
19:34:54,781 INFO  [SeleniumBrowser] (initElements) -> XPath set to field: 
19:34:54,781 INFO  [SeleniumBrowser] (initElements) -> ID set to field: 
19:34:54,781 INFO  [SeleniumBrowser] (initElements) -> Name set to field: 
19:34:54,781 INFO  [SeleniumBrowser] (initElements) -> CSS set to field: 
19:34:54,781 INFO  [SeleniumBrowser] (initElements) -> XPath set to field: //button[contains(@class,'ui-btn is-secondary has-busy is-auto is-island')]
19:34:54,782 INFO  [SeleniumBrowser] (initElements) -> ID set to field: 
19:34:54,782 INFO  [SeleniumBrowser] (initElements) -> Name set to field: 
19:34:54,782 INFO  [SeleniumBrowser] (initElements) -> CSS set to field: 
19:34:54,782 INFO  [SeleniumBrowser] (initElements) -> XPath set to field: //a[contains(@class,'ui-btn is-secondary is-island')]
19:34:54,782 INFO  [SeleniumBrowser] EXIT --> (initElements)
19:34:54,782 INFO  [SeleniumBrowser] ENTER --> (_waitForElement) --> Waiting for element: null
19:34:54,782 INFO  [SeleniumBrowser] ENTER --> (waitForElement)
19:34:54,791 INFO  [SeleniumBrowser] ENTER --> (_getByLocator)
19:34:54,791 INFO  [SeleniumBrowser] (_getByLocator) -> Getting locator for null
19:34:54,791 INFO  [SeleniumBrowser] (_getByLocator) -> Locator info found for XPATH attribute as: //button[contains(@class,'ui-btn is-secondary has-busy is-auto is-island')]
19:34:54,792 INFO  [SeleniumBrowser] ENTER --> (_parseElementOnXpath)
19:34:54,792 INFO  [SeleniumBrowser] (_parseElementOnXpath) -> //button[contains(@class,'ui-btn is-secondary has-busy is-auto is-island')] is used
19:34:54,792 INFO  [SeleniumBrowser] EXIT --> (_parseElementOnXpath)
19:34:54,792 INFO  [SeleniumBrowser] EXIT --> (_getByLocator)
19:34:54,809 INFO  [SeleniumBrowser] ENTER --> (_getByLocator)
19:34:54,809 INFO  [SeleniumBrowser] (_getByLocator) -> Getting locator for null
19:34:54,810 INFO  [SeleniumBrowser] (_getByLocator) -> Locator info found for XPATH attribute as: //button[contains(@class,'ui-btn is-secondary has-busy is-auto is-island')]
19:34:54,810 INFO  [SeleniumBrowser] ENTER --> (_parseElementOnXpath)
19:34:54,810 INFO  [SeleniumBrowser] (_parseElementOnXpath) -> //button[contains(@class,'ui-btn is-secondary has-busy is-auto is-island')] is used
19:34:54,810 INFO  [SeleniumBrowser] EXIT --> (_parseElementOnXpath)
19:34:54,810 INFO  [SeleniumBrowser] EXIT --> (_getByLocator)
19:34:54,843 INFO  [SeleniumBrowser] (waitForElement) -> element wait eligibility found: true
19:34:54,843 INFO  [SeleniumBrowser] ENTER --> (_waitForJStoLoad)
19:34:54,875 INFO  [SeleniumBrowser] EXIT --> (_waitForJStoLoad) --> DOM load wait done: true
19:34:54,875 INFO  [SeleniumBrowser] (waitForElement) -> element wait eligibility set: true
19:34:54,875 INFO  [SeleniumBrowser] EXIT --> (waitForElement)
19:34:54,875 INFO  [SeleniumBrowser] EXIT --> (_waitForElement)
19:34:54,880 INFO  [SeleniumBrowser] ENTER --> (_getByLocator)
19:34:54,880 INFO  [SeleniumBrowser] (_getByLocator) -> Getting locator for null
19:34:54,881 INFO  [SeleniumBrowser] (_getByLocator) -> Locator info found for XPATH attribute as: //button[contains(@class,'ui-btn is-secondary has-busy is-auto is-island')]
19:34:54,881 INFO  [SeleniumBrowser] ENTER --> (_parseElementOnXpath)
19:34:54,881 INFO  [SeleniumBrowser] (_parseElementOnXpath) -> //button[contains(@class,'ui-btn is-secondary has-busy is-auto is-island')] is used
19:34:54,881 INFO  [SeleniumBrowser] EXIT --> (_parseElementOnXpath)
19:34:54,881 INFO  [SeleniumBrowser] EXIT --> (_getByLocator)
19:34:57,199 INFO  [SeleniumBrowser] ENTER --> (initElements)
19:34:57,200 INFO  [SeleniumBrowser] (initElements) -> ID set to field: 
19:34:57,200 INFO  [SeleniumBrowser] (initElements) -> Name set to field: 
[...]
19:35:28,875 INFO  [SeleniumBrowser] EXIT --> (waitForElement)
19:35:28,875 INFO  [SeleniumBrowser] EXIT --> (_waitForElement)
19:35:28,880 INFO  [SeleniumBrowser] ENTER --> (_getByLocator)
19:35:28,880 INFO  [SeleniumBrowser] (_getByLocator) -> Getting locator for null
19:35:28,880 INFO  [SeleniumBrowser] (_getByLocator) -> Locator info found for ID attribute as: fields-description-value
19:35:28,880 INFO  [SeleniumBrowser] EXIT --> (_getByLocator)
19:35:28,898 INFO  [SeleniumBrowser] ENTER --> (initElements)
19:35:28,899 INFO  [SeleniumBrowser] (initElements) -> ID set to field: name
19:35:28,899 INFO  [SeleniumBrowser] (initElements) -> Name set to field: 
19:35:28,899 INFO  [SeleniumBrowser] (initElements) -> CSS set to field: 
19:35:28,899 INFO  [SeleniumBrowser] (initElements) -> XPath set to field: 
19:35:28,899 INFO  [SeleniumBrowser] (initElements) -> ID set to field: phone0
19:35:28,900 INFO  [SeleniumBrowser] (initElements) -> Name set to field: 
19:35:28,900 INFO  [SeleniumBrowser] (initElements) -> CSS set to field: 
19:35:28,900 INFO  [SeleniumBrowser] (initElements) -> XPath set to field: 
19:35:28,900 INFO  [SeleniumBrowser] (initElements) -> ID set to field: email
19:35:28,900 INFO  [SeleniumBrowser] (initElements) -> Name set to field: 
19:35:28,900 INFO  [SeleniumBrowser] (initElements) -> CSS set to field: 
19:35:28,900 INFO  [SeleniumBrowser] (initElements) -> XPath set to field: 
19:35:28,900 INFO  [SeleniumBrowser] (initElements) -> ID set to field: 
19:35:28,901 INFO  [SeleniumBrowser] (initElements) -> Name set to field: 
19:35:28,901 INFO  [SeleniumBrowser] (initElements) -> CSS set to field: 
19:35:28,901 INFO  [SeleniumBrowser] (initElements) -> XPath set to field: //button[@name='post']
19:35:28,901 INFO  [SeleniumBrowser] (initElements) -> ID set to field: 
19:35:28,901 INFO  [SeleniumBrowser] (initElements) -> Name set to field: 
19:35:28,901 INFO  [SeleniumBrowser] (initElements) -> CSS set to field: 
19:35:28,901 INFO  [SeleniumBrowser] (initElements) -> XPath set to field: //a[contains(@href,'/my/dashboard')]
19:35:28,902 INFO  [SeleniumBrowser] (initElements) -> ID set to field: password
19:35:28,902 INFO  [SeleniumBrowser] (initElements) -> Name set to field: 
19:35:28,902 INFO  [SeleniumBrowser] (initElements) -> CSS set to field: 
19:35:28,902 INFO  [SeleniumBrowser] (initElements) -> XPath set to field: 
19:35:28,902 INFO  [SeleniumBrowser] (initElements) -> ID set to field: password-confirm
19:35:28,902 INFO  [SeleniumBrowser] (initElements) -> Name set to field: 
19:35:28,902 INFO  [SeleniumBrowser] (initElements) -> CSS set to field: 
19:35:28,903 INFO  [SeleniumBrowser] (initElements) -> XPath set to field: 
19:35:28,903 INFO  [SeleniumBrowser] (initElements) -> ID set to field: 
19:35:28,903 INFO  [SeleniumBrowser] (initElements) -> Name set to field: 
19:35:28,903 INFO  [SeleniumBrowser] (initElements) -> CSS set to field: 
19:35:28,903 INFO  [SeleniumBrowser] (initElements) -> XPath set to field: //button[@class = 'ui-btn is-secondary has-busy is-auto']
19:35:28,904 INFO  [SeleniumBrowser] (initElements) -> ID set to field: fields-condition-value
19:35:28,904 INFO  [SeleniumBrowser] (initElements) -> Name set to field: 
19:35:28,904 INFO  [SeleniumBrowser] (initElements) -> CSS set to field: 
19:35:28,904 INFO  [SeleniumBrowser] (initElements) -> XPath set to field: 
19:35:28,904 INFO  [SeleniumBrowser] (initElements) -> ID set to field: 
19:35:28,904 INFO  [SeleniumBrowser] (initElements) -> Name set to field: 
19:35:28,904 INFO  [SeleniumBrowser] (initElements) -> CSS set to field: 
19:35:28,905 INFO  [SeleniumBrowser] (initElements) -> XPath set to field: //div[@class='post-upload']
19:35:28,905 INFO  [SeleniumBrowser] (initElements) -> ID set to field: fields-brand-value
19:35:28,905 INFO  [SeleniumBrowser] (initElements) -> Name set to field: 
19:35:28,905 INFO  [SeleniumBrowser] (initElements) -> CSS set to field: 
19:35:28,905 INFO  [SeleniumBrowser] (initElements) -> XPath set to field: 
19:35:28,905 INFO  [SeleniumBrowser] (initElements) -> ID set to field: fields-model-value
19:35:28,906 INFO  [SeleniumBrowser] (initElements) -> Name set to field: 
19:35:28,906 INFO  [SeleniumBrowser] (initElements) -> CSS set to field: 
19:35:28,906 INFO  [SeleniumBrowser] (initElements) -> XPath set to field: 
19:35:28,906 INFO  [SeleniumBrowser] (initElements) -> ID set to field: fields-title-value
19:35:28,906 INFO  [SeleniumBrowser] (initElements) -> Name set to field: 
19:35:28,906 INFO  [SeleniumBrowser] (initElements) -> CSS set to field: 
19:35:28,906 INFO  [SeleniumBrowser] (initElements) -> XPath set to field: 
19:35:28,907 INFO  [SeleniumBrowser] (initElements) -> ID set to field: fields-description-value
19:35:28,907 INFO  [SeleniumBrowser] (initElements) -> Name set to field: 
19:35:28,907 INFO  [SeleniumBrowser] (initElements) -> CSS set to field: 
19:35:28,907 INFO  [SeleniumBrowser] (initElements) -> XPath set to field: 
19:35:28,907 INFO  [SeleniumBrowser] (initElements) -> ID set to field: fields-price-amount
19:35:28,907 INFO  [SeleniumBrowser] (initElements) -> Name set to field: 
19:35:28,907 INFO  [SeleniumBrowser] (initElements) -> CSS set to field: 
19:35:28,907 INFO  [SeleniumBrowser] (initElements) -> XPath set to field: 
19:35:28,908 INFO  [SeleniumBrowser] EXIT --> (initElements)
19:35:28,908 INFO  [SeleniumBrowser] ENTER --> (_waitForElement) --> Waiting for element: null
19:35:28,908 INFO  [SeleniumBrowser] ENTER --> (waitForElement)
19:35:28,917 INFO  [SeleniumBrowser] ENTER --> (_getByLocator)
19:35:28,917 INFO  [SeleniumBrowser] (_getByLocator) -> Getting locator for null
19:35:28,917 INFO  [SeleniumBrowser] (_getByLocator) -> Locator info found for ID attribute as: fields-price-amount
19:35:28,917 INFO  [SeleniumBrowser] EXIT --> (_getByLocator)
19:35:28,935 INFO  [SeleniumBrowser] ENTER --> (_getByLocator)
19:35:28,935 INFO  [SeleniumBrowser] (_getByLocator) -> Getting locator for null
19:35:28,935 INFO  [SeleniumBrowser] (_getByLocator) -> Locator info found for ID attribute as: fields-price-amount
19:35:28,935 INFO  [SeleniumBrowser] EXIT --> (_getByLocator)
19:35:28,966 INFO  [SeleniumBrowser] (waitForElement) -> element wait eligibility found: true
19:35:28,966 INFO  [SeleniumBrowser] ENTER --> (_waitForJStoLoad)
19:35:29,007 INFO  [SeleniumBrowser] EXIT --> (_waitForJStoLoad) --> DOM load wait done: true
19:35:29,007 INFO  [SeleniumBrowser] (waitForElement) -> element wait eligibility set: true
19:35:29,007 INFO  [SeleniumBrowser] EXIT --> (waitForElement)
19:35:29,008 INFO  [SeleniumBrowser] EXIT --> (_waitForElement)
19:35:29,008 INFO  [SeleniumBrowser] ENTER --> (_waitForElement) --> Waiting for element: null
19:35:29,008 INFO  [SeleniumBrowser] ENTER --> (waitForElement)
19:35:29,014 INFO  [SeleniumBrowser] ENTER --> (_getByLocator)
19:35:29,014 INFO  [SeleniumBrowser] (_getByLocator) -> Getting locator for null
19:35:29,014 INFO  [SeleniumBrowser] (_getByLocator) -> Locator info found for ID attribute as: fields-price-amount
19:35:29,015 INFO  [SeleniumBrowser] EXIT --> (_getByLocator)
19:35:29,035 INFO  [SeleniumBrowser] ENTER --> (_getByLocator)
19:35:29,035 INFO  [SeleniumBrowser] (_getByLocator) -> Getting locator for null
19:35:29,035 INFO  [SeleniumBrowser] (_getByLocator) -> Locator info found for ID attribute as: fields-price-amount
19:35:29,035 INFO  [SeleniumBrowser] EXIT --> (_getByLocator)
19:35:29,070 INFO  [SeleniumBrowser] (waitForElement) -> element wait eligibility found: true
19:35:29,070 INFO  [SeleniumBrowser] ENTER --> (_waitForJStoLoad)
19:35:29,102 INFO  [SeleniumBrowser] EXIT --> (_waitForJStoLoad) --> DOM load wait done: true
19:35:29,102 INFO  [SeleniumBrowser] (waitForElement) -> element wait eligibility set: true
19:35:29,102 INFO  [SeleniumBrowser] EXIT --> (waitForElement)
19:35:29,102 INFO  [SeleniumBrowser] EXIT --> (_waitForElement)
19:35:29,103 INFO  [SeleniumBrowser] ENTER --> (_waitForElement) --> Waiting for element: null
19:35:29,103 INFO  [SeleniumBrowser] ENTER --> (waitForElement)
19:35:29,112 INFO  [SeleniumBrowser] ENTER --> (_getByLocator)
19:35:29,113 INFO  [SeleniumBrowser] (_getByLocator) -> Getting locator for null
19:35:29,113 INFO  [SeleniumBrowser] (_getByLocator) -> Locator info found for ID attribute as: fields-price-amount
19:35:29,113 INFO  [SeleniumBrowser] EXIT --> (_getByLocator)
19:35:29,133 INFO  [SeleniumBrowser] ENTER --> (_getByLocator)
19:35:29,133 INFO  [SeleniumBrowser] (_getByLocator) -> Getting locator for null
19:35:29,133 INFO  [SeleniumBrowser] (_getByLocator) -> Locator info found for ID attribute as: fields-price-amount
19:35:29,133 INFO  [SeleniumBrowser] EXIT --> (_getByLocator)
19:35:29,159 INFO  [SeleniumBrowser] (waitForElement) -> element wait eligibility found: true
19:35:29,160 INFO  [SeleniumBrowser] ENTER --> (_waitForJStoLoad)
19:35:29,194 INFO  [SeleniumBrowser] EXIT --> (_waitForJStoLoad) --> DOM load wait done: true
19:35:29,194 INFO  [SeleniumBrowser] (waitForElement) -> element wait eligibility set: true
19:35:29,194 INFO  [SeleniumBrowser] EXIT --> (waitForElement)
19:35:29,194 INFO  [SeleniumBrowser] EXIT --> (_waitForElement)
19:35:29,194 INFO  [SeleniumBrowser] ENTER --> (_waitForElement) --> Waiting for element: null
19:35:29,194 INFO  [SeleniumBrowser] ENTER --> (waitForElement)
19:35:29,199 INFO  [SeleniumBrowser] ENTER --> (_getByLocator)
19:35:29,199 INFO  [SeleniumBrowser] (_getByLocator) -> Getting locator for null
19:35:29,199 INFO  [SeleniumBrowser] (_getByLocator) -> Locator info found for ID attribute as: fields-price-amount
19:35:29,199 INFO  [SeleniumBrowser] EXIT --> (_getByLocator)
19:35:29,213 INFO  [SeleniumBrowser] ENTER --> (_getByLocator)
19:35:29,213 INFO  [SeleniumBrowser] (_getByLocator) -> Getting locator for null
19:35:29,213 INFO  [SeleniumBrowser] (_getByLocator) -> Locator info found for ID attribute as: fields-price-amount
19:35:29,214 INFO  [SeleniumBrowser] EXIT --> (_getByLocator)
19:35:29,246 INFO  [SeleniumBrowser] (waitForElement) -> element wait eligibility found: true
19:35:29,246 INFO  [SeleniumBrowser] ENTER --> (_waitForJStoLoad)
19:35:29,279 INFO  [SeleniumBrowser] EXIT --> (_waitForJStoLoad) --> DOM load wait done: true
19:35:29,279 INFO  [SeleniumBrowser] (waitForElement) -> element wait eligibility set: true
19:35:29,279 INFO  [SeleniumBrowser] EXIT --> (waitForElement)
19:35:29,279 INFO  [SeleniumBrowser] EXIT --> (_waitForElement)
19:35:29,285 INFO  [SeleniumBrowser] ENTER --> (_getByLocator)
19:35:29,286 INFO  [SeleniumBrowser] (_getByLocator) -> Getting locator for null
19:35:29,286 INFO  [SeleniumBrowser] (_getByLocator) -> Locator info found for ID attribute as: fields-price-amount
19:35:29,286 INFO  [SeleniumBrowser] EXIT --> (_getByLocator)
19:35:29,333 INFO  [SeleniumBrowser] ENTER --> (_getByLocator)
19:35:29,334 INFO  [SeleniumBrowser] (_getByLocator) -> Getting locator for null
19:35:29,334 INFO  [SeleniumBrowser] (_getByLocator) -> Locator info found for ID attribute as: fields-price-amount
19:35:29,334 INFO  [SeleniumBrowser] EXIT --> (_getByLocator)
19:35:29,409 INFO  [SeleniumBrowser] ENTER --> (_getByLocator)
19:35:29,409 INFO  [SeleniumBrowser] (_getByLocator) -> Getting locator for null
19:35:29,409 INFO  [SeleniumBrowser] (_getByLocator) -> Locator info found for ID attribute as: fields-price-amount
19:35:29,409 INFO  [SeleniumBrowser] EXIT --> (_getByLocator)
19:35:29,451 INFO  [SeleniumBrowser] ENTER --> (_waitForElement) --> Waiting for element: null
19:35:29,451 INFO  [SeleniumBrowser] ENTER --> (waitForElement)
19:35:29,461 INFO  [SeleniumBrowser] ENTER --> (_getByLocator)
19:35:29,461 INFO  [SeleniumBrowser] (_getByLocator) -> Getting locator for null
19:35:29,461 INFO  [SeleniumBrowser] (_getByLocator) -> Locator info found for ID attribute as: fields-price-amount
19:35:29,461 INFO  [SeleniumBrowser] EXIT --> (_getByLocator)
19:35:29,478 INFO  [SeleniumBrowser] ENTER --> (_getByLocator)
19:35:29,478 INFO  [SeleniumBrowser] (_getByLocator) -> Getting locator for null
19:35:29,478 INFO  [SeleniumBrowser] (_getByLocator) -> Locator info found for ID attribute as: fields-price-amount
19:35:29,478 INFO  [SeleniumBrowser] EXIT --> (_getByLocator)
19:35:29,519 INFO  [SeleniumBrowser] (waitForElement) -> element wait eligibility found: true
19:35:29,519 INFO  [SeleniumBrowser] ENTER --> (_waitForJStoLoad)
19:35:29,552 INFO  [SeleniumBrowser] EXIT --> (_waitForJStoLoad) --> DOM load wait done: true
19:35:29,553 INFO  [SeleniumBrowser] (waitForElement) -> element wait eligibility set: true
19:35:29,553 INFO  [SeleniumBrowser] EXIT --> (waitForElement)
19:35:29,553 INFO  [SeleniumBrowser] EXIT --> (_waitForElement)
19:35:29,564 INFO  [SeleniumBrowser] ENTER --> (_getByLocator)
19:35:29,565 INFO  [SeleniumBrowser] (_getByLocator) -> Getting locator for null
19:35:29,565 INFO  [SeleniumBrowser] (_getByLocator) -> Locator info found for ID attribute as: fields-price-amount
19:35:29,565 INFO  [SeleniumBrowser] EXIT --> (_getByLocator)
19:35:29,578 INFO  [SeleniumBrowser] ENTER --> (_waitForElement) --> Waiting for element: null
19:35:29,579 INFO  [SeleniumBrowser] ENTER --> (waitForElement)
19:35:29,585 INFO  [SeleniumBrowser] ENTER --> (_getByLocator)
19:35:29,585 INFO  [SeleniumBrowser] (_getByLocator) -> Getting locator for null
19:35:29,585 INFO  [SeleniumBrowser] (_getByLocator) -> Locator info found for ID attribute as: fields-price-amount
19:35:29,585 INFO  [SeleniumBrowser] EXIT --> (_getByLocator)
19:35:29,599 INFO  [SeleniumBrowser] ENTER --> (_getByLocator)
19:35:29,599 INFO  [SeleniumBrowser] (_getByLocator) -> Getting locator for null
19:35:29,600 INFO  [SeleniumBrowser] (_getByLocator) -> Locator info found for ID attribute as: fields-price-amount
19:35:29,600 INFO  [SeleniumBrowser] EXIT --> (_getByLocator)
19:35:29,629 INFO  [SeleniumBrowser] (waitForElement) -> element wait eligibility found: true
19:35:29,629 INFO  [SeleniumBrowser] ENTER --> (_waitForJStoLoad)
19:35:29,659 INFO  [SeleniumBrowser] EXIT --> (_waitForJStoLoad) --> DOM load wait done: true
19:35:29,659 INFO  [SeleniumBrowser] (waitForElement) -> element wait eligibility set: true
19:35:29,660 INFO  [SeleniumBrowser] EXIT --> (waitForElement)
19:35:29,660 INFO  [SeleniumBrowser] EXIT --> (_waitForElement)
19:35:29,664 INFO  [SeleniumBrowser] ENTER --> (_getByLocator)
19:35:29,665 INFO  [SeleniumBrowser] (_getByLocator) -> Getting locator for null
19:35:29,665 INFO  [SeleniumBrowser] (_getByLocator) -> Locator info found for ID attribute as: fields-price-amount
19:35:29,665 INFO  [SeleniumBrowser] EXIT --> (_getByLocator)
19:35:29,680 INFO  [SeleniumBrowser] ENTER --> (initElements)
19:35:29,680 INFO  [SeleniumBrowser] (initElements) -> ID set to field: name
19:35:29,680 INFO  [SeleniumBrowser] (initElements) -> Name set to field: 
19:35:29,681 INFO  [SeleniumBrowser] (initElements) -> CSS set to field: 
19:35:29,681 INFO  [SeleniumBrowser] (initElements) -> XPath set to field: 
19:35:29,681 INFO  [SeleniumBrowser] (initElements) -> ID set to field: phone0
19:35:29,681 INFO  [SeleniumBrowser] (initElements) -> Name set to field: 
19:35:29,681 INFO  [SeleniumBrowser] (initElements) -> CSS set to field: 
19:35:29,681 INFO  [SeleniumBrowser] (initElements) -> XPath set to field: 
19:35:29,681 INFO  [SeleniumBrowser] (initElements) -> ID set to field: email
19:35:29,682 INFO  [SeleniumBrowser] (initElements) -> Name set to field: 
19:35:29,682 INFO  [SeleniumBrowser] (initElements) -> CSS set to field: 
19:35:29,682 INFO  [SeleniumBrowser] (initElements) -> XPath set to field: 
19:35:29,682 INFO  [SeleniumBrowser] (initElements) -> ID set to field: 
19:35:29,682 INFO  [SeleniumBrowser] (initElements) -> Name set to field: 
19:35:29,682 INFO  [SeleniumBrowser] (initElements) -> CSS set to field: 
19:35:29,682 INFO  [SeleniumBrowser] (initElements) -> XPath set to field: //button[@name='post']
19:35:29,682 INFO  [SeleniumBrowser] (initElements) -> ID set to field: 
19:35:29,682 INFO  [SeleniumBrowser] (initElements) -> Name set to field: 
19:35:29,683 INFO  [SeleniumBrowser] (initElements) -> CSS set to field: 
19:35:29,683 INFO  [SeleniumBrowser] (initElements) -> XPath set to field: //a[contains(@href,'/my/dashboard')]
19:35:29,683 INFO  [SeleniumBrowser] (initElements) -> ID set to field: password
19:35:29,683 INFO  [SeleniumBrowser] (initElements) -> Name set to field: 
19:35:29,683 INFO  [SeleniumBrowser] (initElements) -> CSS set to field: 
19:35:29,683 INFO  [SeleniumBrowser] (initElements) -> XPath set to field: 
19:35:29,683 INFO  [SeleniumBrowser] (initElements) -> ID set to field: password-confirm
19:35:29,683 INFO  [SeleniumBrowser] (initElements) -> Name set to field: 
19:35:29,683 INFO  [SeleniumBrowser] (initElements) -> CSS set to field: 
19:35:29,683 INFO  [SeleniumBrowser] (initElements) -> XPath set to field: 
19:35:29,684 INFO  [SeleniumBrowser] (initElements) -> ID set to field: 
19:35:29,684 INFO  [SeleniumBrowser] (initElements) -> Name set to field: 
19:35:29,684 INFO  [SeleniumBrowser] (initElements) -> CSS set to field: 
19:35:29,684 INFO  [SeleniumBrowser] (initElements) -> XPath set to field: //button[@class = 'ui-btn is-secondary has-busy is-auto']
19:35:29,684 INFO  [SeleniumBrowser] (initElements) -> ID set to field: fields-condition-value
19:35:29,684 INFO  [SeleniumBrowser] (initElements) -> Name set to field: 
19:35:29,684 INFO  [SeleniumBrowser] (initElements) -> CSS set to field: 
19:35:29,685 INFO  [SeleniumBrowser] (initElements) -> XPath set to field: 
19:35:29,685 INFO  [SeleniumBrowser] (initElements) -> ID set to field: 
19:35:29,685 INFO  [SeleniumBrowser] (initElements) -> Name set to field: 
19:35:29,685 INFO  [SeleniumBrowser] (initElements) -> CSS set to field: 
19:35:29,685 INFO  [SeleniumBrowser] (initElements) -> XPath set to field: //div[@class='post-upload']
19:35:29,685 INFO  [SeleniumBrowser] (initElements) -> ID set to field: fields-brand-value
19:35:29,685 INFO  [SeleniumBrowser] (initElements) -> Name set to field: 
19:35:29,685 INFO  [SeleniumBrowser] (initElements) -> CSS set to field: 
19:35:29,686 INFO  [SeleniumBrowser] (initElements) -> XPath set to field: 
19:35:29,686 INFO  [SeleniumBrowser] (initElements) -> ID set to field: fields-model-value
19:35:29,686 INFO  [SeleniumBrowser] (initElements) -> Name set to field: 
19:35:29,686 INFO  [SeleniumBrowser] (initElements) -> CSS set to field: 
19:35:29,686 INFO  [SeleniumBrowser] (initElements) -> XPath set to field: 
19:35:29,686 INFO  [SeleniumBrowser] (initElements) -> ID set to field: fields-title-value
19:35:29,686 INFO  [SeleniumBrowser] (initElements) -> Name set to field: 
19:35:29,686 INFO  [SeleniumBrowser] (initElements) -> CSS set to field: 
19:35:29,686 INFO  [SeleniumBrowser] (initElements) -> XPath set to field: 
19:35:29,686 INFO  [SeleniumBrowser] (initElements) -> ID set to field: fields-description-value
19:35:29,687 INFO  [SeleniumBrowser] (initElements) -> Name set to field: 
19:35:29,687 INFO  [SeleniumBrowser] (initElements) -> CSS set to field: 
19:35:29,687 INFO  [SeleniumBrowser] (initElements) -> XPath set to field: 
19:35:29,687 INFO  [SeleniumBrowser] (initElements) -> ID set to field: fields-price-amount
19:35:29,687 INFO  [SeleniumBrowser] (initElements) -> Name set to field: 
19:35:29,687 INFO  [SeleniumBrowser] (initElements) -> CSS set to field: 
19:35:29,687 INFO  [SeleniumBrowser] (initElements) -> XPath set to field: 
19:35:29,688 INFO  [SeleniumBrowser] EXIT --> (initElements)
19:35:29,688 INFO  [PropertyFileReaderUpdater] (updatePropertyInFile) -> Update File :::::::::::::/Users/adwivedi/Documents/selenium/bikroy_gradle/src/test/resources/testData.properties
19:35:29,691 INFO  [ValidateFlowForAdPostFunctionality] (tc_ValidateFlowForAdPostFunctionalityWithLogin) -> Enter positive item details to post an advertisement
]]></system-out>
  <system-err><![CDATA[]]></system-err>
</testsuite>
